{"/Users/tugrulseveroglu/Desktop/Windspire APp/src/controllers/admin.controller.js": {"path":"/Users/tugrulseveroglu/Desktop/Windspire APp/src/controllers/admin.controller.js","statementMap":{"0":{"start":{"line":1,"column":16},"end":{"line":1,"column":50}},"1":{"start":{"line":2,"column":17},"end":{"line":2,"column":52}},"2":{"start":{"line":3,"column":13},"end":{"line":3,"column":44}},"3":{"start":{"line":4,"column":54},"end":{"line":4,"column":93}},"4":{"start":{"line":5,"column":17},"end":{"line":5,"column":45}},"5":{"start":{"line":6,"column":19},"end":{"line":6,"column":49}},"6":{"start":{"line":7,"column":23},"end":{"line":7,"column":61}},"7":{"start":{"line":10,"column":0},"end":{"line":48,"column":3}},"8":{"start":{"line":11,"column":63},"end":{"line":11,"column":72}},"9":{"start":{"line":14,"column":17},"end":{"line":14,"column":46}},"10":{"start":{"line":17,"column":2},"end":{"line":19,"column":3}},"11":{"start":{"line":18,"column":4},"end":{"line":18,"column":31}},"12":{"start":{"line":22,"column":15},"end":{"line":22,"column":33}},"13":{"start":{"line":25,"column":16},"end":{"line":25,"column":52}},"14":{"start":{"line":28,"column":25},"end":{"line":33,"column":27}},"15":{"start":{"line":35,"column":2},"end":{"line":47,"column":5}},"16":{"start":{"line":51,"column":0},"end":{"line":88,"column":3}},"17":{"start":{"line":52,"column":17},"end":{"line":52,"column":27}},"18":{"start":{"line":53,"column":28},"end":{"line":53,"column":36}},"19":{"start":{"line":55,"column":2},"end":{"line":57,"column":3}},"20":{"start":{"line":56,"column":4},"end":{"line":56,"column":78}},"21":{"start":{"line":59,"column":18},"end":{"line":59,"column":44}},"22":{"start":{"line":61,"column":2},"end":{"line":63,"column":3}},"23":{"start":{"line":62,"column":4},"end":{"line":62,"column":56}},"24":{"start":{"line":66,"column":2},"end":{"line":66,"column":67}},"25":{"start":{"line":67,"column":2},"end":{"line":67,"column":36}},"26":{"start":{"line":68,"column":2},"end":{"line":68,"column":42}},"27":{"start":{"line":69,"column":2},"end":{"line":69,"column":84}},"28":{"start":{"line":70,"column":2},"end":{"line":70,"column":65}},"29":{"start":{"line":72,"column":2},"end":{"line":72,"column":23}},"30":{"start":{"line":75,"column":2},"end":{"line":79,"column":3}},"31":{"start":{"line":76,"column":4},"end":{"line":78,"column":7}},"32":{"start":{"line":81,"column":2},"end":{"line":87,"column":5}},"33":{"start":{"line":91,"column":0},"end":{"line":112,"column":3}},"34":{"start":{"line":92,"column":17},"end":{"line":92,"column":27}},"35":{"start":{"line":93,"column":26},"end":{"line":93,"column":34}},"36":{"start":{"line":95,"column":2},"end":{"line":97,"column":3}},"37":{"start":{"line":96,"column":4},"end":{"line":96,"column":63}},"38":{"start":{"line":99,"column":2},"end":{"line":111,"column":3}},"39":{"start":{"line":100,"column":29},"end":{"line":100,"column":92}},"40":{"start":{"line":102,"column":4},"end":{"line":108,"column":7}},"41":{"start":{"line":110,"column":4},"end":{"line":110,"column":70}},"42":{"start":{"line":115,"column":0},"end":{"line":288,"column":3}},"43":{"start":{"line":116,"column":43},"end":{"line":116,"column":52}},"44":{"start":{"line":119,"column":16},"end":{"line":119,"column":26}},"45":{"start":{"line":120,"column":18},"end":{"line":120,"column":28}},"46":{"start":{"line":122,"column":2},"end":{"line":137,"column":3}},"47":{"start":{"line":124,"column":6},"end":{"line":124,"column":45}},"48":{"start":{"line":125,"column":6},"end":{"line":125,"column":12}},"49":{"start":{"line":127,"column":6},"end":{"line":127,"column":45}},"50":{"start":{"line":128,"column":6},"end":{"line":128,"column":12}},"51":{"start":{"line":130,"column":6},"end":{"line":130,"column":47}},"52":{"start":{"line":131,"column":6},"end":{"line":131,"column":12}},"53":{"start":{"line":133,"column":6},"end":{"line":133,"column":53}},"54":{"start":{"line":134,"column":6},"end":{"line":134,"column":12}},"55":{"start":{"line":136,"column":6},"end":{"line":136,"column":45}},"56":{"start":{"line":140,"column":19},"end":{"line":147,"column":3}},"57":{"start":{"line":150,"column":2},"end":{"line":152,"column":3}},"58":{"start":{"line":151,"column":4},"end":{"line":151,"column":68}},"59":{"start":{"line":155,"column":2},"end":{"line":209,"column":4}},"60":{"start":{"line":212,"column":29},"end":{"line":258,"column":3}},"61":{"start":{"line":260,"column":38},"end":{"line":263,"column":4}},"62":{"start":{"line":266,"column":23},"end":{"line":277,"column":3}},"63":{"start":{"line":267,"column":53},"end":{"line":267,"column":75}},"64":{"start":{"line":268,"column":51},"end":{"line":268,"column":71}},"65":{"start":{"line":269,"column":51},"end":{"line":269,"column":71}},"66":{"start":{"line":270,"column":54},"end":{"line":270,"column":77}},"67":{"start":{"line":271,"column":52},"end":{"line":271,"column":73}},"68":{"start":{"line":272,"column":51},"end":{"line":272,"column":71}},"69":{"start":{"line":275,"column":45},"end":{"line":275,"column":64}},"70":{"start":{"line":279,"column":2},"end":{"line":287,"column":5}},"71":{"start":{"line":291,"column":0},"end":{"line":442,"column":3}},"72":{"start":{"line":292,"column":33},"end":{"line":292,"column":42}},"73":{"start":{"line":295,"column":16},"end":{"line":295,"column":26}},"74":{"start":{"line":296,"column":18},"end":{"line":296,"column":28}},"75":{"start":{"line":298,"column":2},"end":{"line":313,"column":3}},"76":{"start":{"line":300,"column":6},"end":{"line":300,"column":45}},"77":{"start":{"line":301,"column":6},"end":{"line":301,"column":12}},"78":{"start":{"line":303,"column":6},"end":{"line":303,"column":45}},"79":{"start":{"line":304,"column":6},"end":{"line":304,"column":12}},"80":{"start":{"line":306,"column":6},"end":{"line":306,"column":47}},"81":{"start":{"line":307,"column":6},"end":{"line":307,"column":12}},"82":{"start":{"line":309,"column":6},"end":{"line":309,"column":53}},"83":{"start":{"line":310,"column":6},"end":{"line":310,"column":12}},"84":{"start":{"line":312,"column":6},"end":{"line":312,"column":45}},"85":{"start":{"line":316,"column":20},"end":{"line":411,"column":4}},"86":{"start":{"line":414,"column":17},"end":{"line":424,"column":3}},"87":{"start":{"line":427,"column":2},"end":{"line":430,"column":10}},"88":{"start":{"line":433,"column":2},"end":{"line":436,"column":10}},"89":{"start":{"line":438,"column":2},"end":{"line":441,"column":5}},"90":{"start":{"line":445,"column":0},"end":{"line":511,"column":3}},"91":{"start":{"line":446,"column":37},"end":{"line":446,"column":45}},"92":{"start":{"line":448,"column":2},"end":{"line":450,"column":3}},"93":{"start":{"line":449,"column":4},"end":{"line":449,"column":62}},"94":{"start":{"line":452,"column":19},"end":{"line":452,"column":54}},"95":{"start":{"line":453,"column":2},"end":{"line":455,"column":3}},"96":{"start":{"line":454,"column":4},"end":{"line":454,"column":57}},"97":{"start":{"line":458,"column":2},"end":{"line":510,"column":3}},"98":{"start":{"line":463,"column":24},"end":{"line":499,"column":5}},"99":{"start":{"line":464,"column":22},"end":{"line":464,"column":47}},"100":{"start":{"line":466,"column":6},"end":{"line":496,"column":7}},"101":{"start":{"line":466,"column":19},"end":{"line":466,"column":20}},"102":{"start":{"line":467,"column":8},"end":{"line":495,"column":9}},"103":{"start":{"line":469,"column":29},"end":{"line":470,"column":72}},"104":{"start":{"line":472,"column":35},"end":{"line":476,"column":11}},"105":{"start":{"line":479,"column":10},"end":{"line":489,"column":13}},"106":{"start":{"line":491,"column":10},"end":{"line":491,"column":28}},"107":{"start":{"line":493,"column":10},"end":{"line":493,"column":52}},"108":{"start":{"line":494,"column":10},"end":{"line":494,"column":27}},"109":{"start":{"line":498,"column":6},"end":{"line":498,"column":98}},"110":{"start":{"line":502,"column":4},"end":{"line":502,"column":18}},"111":{"start":{"line":504,"column":4},"end":{"line":507,"column":7}},"112":{"start":{"line":509,"column":4},"end":{"line":509,"column":73}}},"fnMap":{"0":{"name":"(anonymous_0)","decl":{"start":{"line":10,"column":39},"end":{"line":10,"column":40}},"loc":{"start":{"line":10,"column":65},"end":{"line":48,"column":1}},"line":10},"1":{"name":"(anonymous_1)","decl":{"start":{"line":51,"column":37},"end":{"line":51,"column":38}},"loc":{"start":{"line":51,"column":63},"end":{"line":88,"column":1}},"line":51},"2":{"name":"(anonymous_2)","decl":{"start":{"line":91,"column":37},"end":{"line":91,"column":38}},"loc":{"start":{"line":91,"column":63},"end":{"line":112,"column":1}},"line":91},"3":{"name":"(anonymous_3)","decl":{"start":{"line":115,"column":41},"end":{"line":115,"column":42}},"loc":{"start":{"line":115,"column":67},"end":{"line":288,"column":1}},"line":115},"4":{"name":"(anonymous_4)","decl":{"start":{"line":267,"column":39},"end":{"line":267,"column":40}},"loc":{"start":{"line":267,"column":53},"end":{"line":267,"column":75}},"line":267},"5":{"name":"(anonymous_5)","decl":{"start":{"line":268,"column":37},"end":{"line":268,"column":38}},"loc":{"start":{"line":268,"column":51},"end":{"line":268,"column":71}},"line":268},"6":{"name":"(anonymous_6)","decl":{"start":{"line":269,"column":37},"end":{"line":269,"column":38}},"loc":{"start":{"line":269,"column":51},"end":{"line":269,"column":71}},"line":269},"7":{"name":"(anonymous_7)","decl":{"start":{"line":270,"column":40},"end":{"line":270,"column":41}},"loc":{"start":{"line":270,"column":54},"end":{"line":270,"column":77}},"line":270},"8":{"name":"(anonymous_8)","decl":{"start":{"line":271,"column":38},"end":{"line":271,"column":39}},"loc":{"start":{"line":271,"column":52},"end":{"line":271,"column":73}},"line":271},"9":{"name":"(anonymous_9)","decl":{"start":{"line":272,"column":37},"end":{"line":272,"column":38}},"loc":{"start":{"line":272,"column":51},"end":{"line":272,"column":71}},"line":272},"10":{"name":"(anonymous_10)","decl":{"start":{"line":275,"column":31},"end":{"line":275,"column":32}},"loc":{"start":{"line":275,"column":45},"end":{"line":275,"column":64}},"line":275},"11":{"name":"(anonymous_11)","decl":{"start":{"line":291,"column":38},"end":{"line":291,"column":39}},"loc":{"start":{"line":291,"column":64},"end":{"line":442,"column":1}},"line":291},"12":{"name":"(anonymous_12)","decl":{"start":{"line":445,"column":45},"end":{"line":445,"column":46}},"loc":{"start":{"line":445,"column":71},"end":{"line":511,"column":1}},"line":445},"13":{"name":"(anonymous_13)","decl":{"start":{"line":463,"column":24},"end":{"line":463,"column":25}},"loc":{"start":{"line":463,"column":36},"end":{"line":499,"column":5}},"line":463}},"branchMap":{"0":{"loc":{"start":{"line":11,"column":10},"end":{"line":11,"column":26}},"type":"default-arg","locations":[{"start":{"line":11,"column":19},"end":{"line":11,"column":26}}],"line":11},"1":{"loc":{"start":{"line":11,"column":28},"end":{"line":11,"column":36}},"type":"default-arg","locations":[{"start":{"line":11,"column":35},"end":{"line":11,"column":36}}],"line":11},"2":{"loc":{"start":{"line":11,"column":38},"end":{"line":11,"column":48}},"type":"default-arg","locations":[{"start":{"line":11,"column":46},"end":{"line":11,"column":48}}],"line":11},"3":{"loc":{"start":{"line":14,"column":27},"end":{"line":14,"column":44}},"type":"binary-expr","locations":[{"start":{"line":14,"column":27},"end":{"line":14,"column":33}},{"start":{"line":14,"column":37},"end":{"line":14,"column":44}}],"line":14},"4":{"loc":{"start":{"line":17,"column":2},"end":{"line":19,"column":3}},"type":"if","locations":[{"start":{"line":17,"column":2},"end":{"line":19,"column":3}},{"start":{},"end":{}}],"line":17},"5":{"loc":{"start":{"line":55,"column":2},"end":{"line":57,"column":3}},"type":"if","locations":[{"start":{"line":55,"column":2},"end":{"line":57,"column":3}},{"start":{},"end":{}}],"line":55},"6":{"loc":{"start":{"line":61,"column":2},"end":{"line":63,"column":3}},"type":"if","locations":[{"start":{"line":61,"column":2},"end":{"line":63,"column":3}},{"start":{},"end":{}}],"line":61},"7":{"loc":{"start":{"line":66,"column":19},"end":{"line":66,"column":66}},"type":"cond-expr","locations":[{"start":{"line":66,"column":42},"end":{"line":66,"column":53}},{"start":{"line":66,"column":56},"end":{"line":66,"column":66}}],"line":66},"8":{"loc":{"start":{"line":68,"column":28},"end":{"line":68,"column":41}},"type":"binary-expr","locations":[{"start":{"line":68,"column":28},"end":{"line":68,"column":33}},{"start":{"line":68,"column":37},"end":{"line":68,"column":41}}],"line":68},"9":{"loc":{"start":{"line":69,"column":29},"end":{"line":69,"column":83}},"type":"cond-expr","locations":[{"start":{"line":69,"column":52},"end":{"line":69,"column":56}},{"start":{"line":69,"column":59},"end":{"line":69,"column":83}}],"line":69},"10":{"loc":{"start":{"line":70,"column":24},"end":{"line":70,"column":64}},"type":"cond-expr","locations":[{"start":{"line":70,"column":47},"end":{"line":70,"column":57}},{"start":{"line":70,"column":60},"end":{"line":70,"column":64}}],"line":70},"11":{"loc":{"start":{"line":75,"column":2},"end":{"line":79,"column":3}},"type":"if","locations":[{"start":{"line":75,"column":2},"end":{"line":79,"column":3}},{"start":{},"end":{}}],"line":75},"12":{"loc":{"start":{"line":83,"column":24},"end":{"line":83,"column":70}},"type":"cond-expr","locations":[{"start":{"line":83,"column":47},"end":{"line":83,"column":57}},{"start":{"line":83,"column":60},"end":{"line":83,"column":70}}],"line":83},"13":{"loc":{"start":{"line":95,"column":2},"end":{"line":97,"column":3}},"type":"if","locations":[{"start":{"line":95,"column":2},"end":{"line":97,"column":3}},{"start":{},"end":{}}],"line":95},"14":{"loc":{"start":{"line":110,"column":44},"end":{"line":110,"column":67}},"type":"binary-expr","locations":[{"start":{"line":110,"column":44},"end":{"line":110,"column":60}},{"start":{"line":110,"column":64},"end":{"line":110,"column":67}}],"line":110},"15":{"loc":{"start":{"line":116,"column":10},"end":{"line":116,"column":28}},"type":"default-arg","locations":[{"start":{"line":116,"column":22},"end":{"line":116,"column":28}}],"line":116},"16":{"loc":{"start":{"line":122,"column":2},"end":{"line":137,"column":3}},"type":"switch","locations":[{"start":{"line":123,"column":4},"end":{"line":125,"column":12}},{"start":{"line":126,"column":4},"end":{"line":128,"column":12}},{"start":{"line":129,"column":4},"end":{"line":131,"column":12}},{"start":{"line":132,"column":4},"end":{"line":134,"column":12}},{"start":{"line":135,"column":4},"end":{"line":136,"column":45}}],"line":122},"17":{"loc":{"start":{"line":150,"column":2},"end":{"line":152,"column":3}},"type":"if","locations":[{"start":{"line":150,"column":2},"end":{"line":152,"column":3}},{"start":{},"end":{}}],"line":150},"18":{"loc":{"start":{"line":274,"column":6},"end":{"line":276,"column":11}},"type":"cond-expr","locations":[{"start":{"line":275,"column":10},"end":{"line":275,"column":91}},{"start":{"line":276,"column":10},"end":{"line":276,"column":11}}],"line":274},"19":{"loc":{"start":{"line":292,"column":10},"end":{"line":292,"column":28}},"type":"default-arg","locations":[{"start":{"line":292,"column":22},"end":{"line":292,"column":28}}],"line":292},"20":{"loc":{"start":{"line":298,"column":2},"end":{"line":313,"column":3}},"type":"switch","locations":[{"start":{"line":299,"column":4},"end":{"line":301,"column":12}},{"start":{"line":302,"column":4},"end":{"line":304,"column":12}},{"start":{"line":305,"column":4},"end":{"line":307,"column":12}},{"start":{"line":308,"column":4},"end":{"line":310,"column":12}},{"start":{"line":311,"column":4},"end":{"line":312,"column":45}}],"line":298},"21":{"loc":{"start":{"line":416,"column":13},"end":{"line":420,"column":5}},"type":"binary-expr","locations":[{"start":{"line":416,"column":13},"end":{"line":416,"column":36}},{"start":{"line":416,"column":40},"end":{"line":420,"column":5}}],"line":416},"22":{"loc":{"start":{"line":421,"column":14},"end":{"line":421,"column":50}},"type":"binary-expr","locations":[{"start":{"line":421,"column":14},"end":{"line":421,"column":45}},{"start":{"line":421,"column":49},"end":{"line":421,"column":50}}],"line":421},"23":{"loc":{"start":{"line":428,"column":4},"end":{"line":430,"column":9}},"type":"cond-expr","locations":[{"start":{"line":429,"column":8},"end":{"line":429,"column":70}},{"start":{"line":430,"column":8},"end":{"line":430,"column":9}}],"line":428},"24":{"loc":{"start":{"line":434,"column":4},"end":{"line":436,"column":9}},"type":"cond-expr","locations":[{"start":{"line":435,"column":8},"end":{"line":435,"column":71}},{"start":{"line":436,"column":8},"end":{"line":436,"column":9}}],"line":434},"25":{"loc":{"start":{"line":446,"column":22},"end":{"line":446,"column":32}},"type":"default-arg","locations":[{"start":{"line":446,"column":30},"end":{"line":446,"column":32}}],"line":446},"26":{"loc":{"start":{"line":448,"column":2},"end":{"line":450,"column":3}},"type":"if","locations":[{"start":{"line":448,"column":2},"end":{"line":450,"column":3}},{"start":{},"end":{}}],"line":448},"27":{"loc":{"start":{"line":453,"column":2},"end":{"line":455,"column":3}},"type":"if","locations":[{"start":{"line":453,"column":2},"end":{"line":455,"column":3}},{"start":{},"end":{}}],"line":453},"28":{"loc":{"start":{"line":469,"column":29},"end":{"line":470,"column":72}},"type":"cond-expr","locations":[{"start":{"line":469,"column":47},"end":{"line":469,"column":57}},{"start":{"line":470,"column":27},"end":{"line":470,"column":72}}],"line":469},"29":{"loc":{"start":{"line":470,"column":27},"end":{"line":470,"column":72}},"type":"cond-expr","locations":[{"start":{"line":470,"column":45},"end":{"line":470,"column":59}},{"start":{"line":470,"column":62},"end":{"line":470,"column":72}}],"line":470}},"s":{"0":0,"1":0,"2":0,"3":0,"4":0,"5":0,"6":0,"7":0,"8":0,"9":0,"10":0,"11":0,"12":0,"13":0,"14":0,"15":0,"16":0,"17":0,"18":0,"19":0,"20":0,"21":0,"22":0,"23":0,"24":0,"25":0,"26":0,"27":0,"28":0,"29":0,"30":0,"31":0,"32":0,"33":0,"34":0,"35":0,"36":0,"37":0,"38":0,"39":0,"40":0,"41":0,"42":0,"43":0,"44":0,"45":0,"46":0,"47":0,"48":0,"49":0,"50":0,"51":0,"52":0,"53":0,"54":0,"55":0,"56":0,"57":0,"58":0,"59":0,"60":0,"61":0,"62":0,"63":0,"64":0,"65":0,"66":0,"67":0,"68":0,"69":0,"70":0,"71":0,"72":0,"73":0,"74":0,"75":0,"76":0,"77":0,"78":0,"79":0,"80":0,"81":0,"82":0,"83":0,"84":0,"85":0,"86":0,"87":0,"88":0,"89":0,"90":0,"91":0,"92":0,"93":0,"94":0,"95":0,"96":0,"97":0,"98":0,"99":0,"100":0,"101":0,"102":0,"103":0,"104":0,"105":0,"106":0,"107":0,"108":0,"109":0,"110":0,"111":0,"112":0},"f":{"0":0,"1":0,"2":0,"3":0,"4":0,"5":0,"6":0,"7":0,"8":0,"9":0,"10":0,"11":0,"12":0,"13":0},"b":{"0":[0],"1":[0],"2":[0],"3":[0,0],"4":[0,0],"5":[0,0],"6":[0,0],"7":[0,0],"8":[0,0],"9":[0,0],"10":[0,0],"11":[0,0],"12":[0,0],"13":[0,0],"14":[0,0],"15":[0],"16":[0,0,0,0,0],"17":[0,0],"18":[0,0],"19":[0],"20":[0,0,0,0,0],"21":[0,0],"22":[0,0],"23":[0,0],"24":[0,0],"25":[0],"26":[0,0],"27":[0,0],"28":[0,0],"29":[0,0]}}
,"/Users/tugrulseveroglu/Desktop/Windspire APp/src/controllers/auth.controller.js": {"path":"/Users/tugrulseveroglu/Desktop/Windspire APp/src/controllers/auth.controller.js","statementMap":{"0":{"start":{"line":1,"column":12},"end":{"line":1,"column":35}},"1":{"start":{"line":2,"column":22},"end":{"line":2,"column":37}},"2":{"start":{"line":3,"column":13},"end":{"line":3,"column":44}},"3":{"start":{"line":4,"column":17},"end":{"line":4,"column":45}},"4":{"start":{"line":5,"column":19},"end":{"line":5,"column":49}},"5":{"start":{"line":8,"column":18},"end":{"line":12,"column":1}},"6":{"start":{"line":9,"column":2},"end":{"line":11,"column":5}},"7":{"start":{"line":15,"column":25},"end":{"line":19,"column":1}},"8":{"start":{"line":16,"column":2},"end":{"line":18,"column":5}},"9":{"start":{"line":22,"column":25},"end":{"line":37,"column":1}},"10":{"start":{"line":23,"column":16},"end":{"line":23,"column":35}},"11":{"start":{"line":24,"column":23},"end":{"line":24,"column":49}},"12":{"start":{"line":27,"column":2},"end":{"line":27,"column":28}},"13":{"start":{"line":29,"column":2},"end":{"line":36,"column":5}},"14":{"start":{"line":39,"column":0},"end":{"line":54,"column":3}},"15":{"start":{"line":41,"column":18},"end":{"line":46,"column":4}},"16":{"start":{"line":49,"column":2},"end":{"line":49,"column":33}},"17":{"start":{"line":50,"column":2},"end":{"line":50,"column":52}},"18":{"start":{"line":53,"column":2},"end":{"line":53,"column":43}},"19":{"start":{"line":56,"column":0},"end":{"line":84,"column":3}},"20":{"start":{"line":57,"column":30},"end":{"line":57,"column":38}},"21":{"start":{"line":60,"column":2},"end":{"line":62,"column":3}},"22":{"start":{"line":61,"column":4},"end":{"line":61,"column":72}},"23":{"start":{"line":65,"column":15},"end":{"line":65,"column":64}},"24":{"start":{"line":68,"column":2},"end":{"line":70,"column":3}},"25":{"start":{"line":69,"column":4},"end":{"line":69,"column":66}},"26":{"start":{"line":73,"column":2},"end":{"line":75,"column":3}},"27":{"start":{"line":74,"column":4},"end":{"line":74,"column":66}},"28":{"start":{"line":78,"column":2},"end":{"line":78,"column":30}},"29":{"start":{"line":79,"column":2},"end":{"line":79,"column":22}},"30":{"start":{"line":80,"column":2},"end":{"line":80,"column":49}},"31":{"start":{"line":83,"column":2},"end":{"line":83,"column":40}},"32":{"start":{"line":86,"column":0},"end":{"line":114,"column":3}},"33":{"start":{"line":87,"column":27},"end":{"line":87,"column":35}},"34":{"start":{"line":89,"column":2},"end":{"line":91,"column":3}},"35":{"start":{"line":90,"column":4},"end":{"line":90,"column":67}},"36":{"start":{"line":94,"column":18},"end":{"line":97,"column":3}},"37":{"start":{"line":100,"column":15},"end":{"line":100,"column":46}},"38":{"start":{"line":103,"column":2},"end":{"line":105,"column":3}},"39":{"start":{"line":104,"column":4},"end":{"line":104,"column":88}},"40":{"start":{"line":108,"column":2},"end":{"line":110,"column":3}},"41":{"start":{"line":109,"column":4},"end":{"line":109,"column":66}},"42":{"start":{"line":113,"column":2},"end":{"line":113,"column":40}},"43":{"start":{"line":116,"column":0},"end":{"line":121,"column":2}},"44":{"start":{"line":117,"column":2},"end":{"line":120,"column":5}},"45":{"start":{"line":123,"column":0},"end":{"line":151,"column":3}},"46":{"start":{"line":126,"column":2},"end":{"line":131,"column":3}},"47":{"start":{"line":130,"column":4},"end":{"line":130,"column":52}},"48":{"start":{"line":133,"column":2},"end":{"line":135,"column":3}},"49":{"start":{"line":134,"column":4},"end":{"line":134,"column":85}},"50":{"start":{"line":138,"column":18},"end":{"line":138,"column":76}},"51":{"start":{"line":141,"column":15},"end":{"line":141,"column":46}},"52":{"start":{"line":144,"column":2},"end":{"line":146,"column":3}},"53":{"start":{"line":145,"column":4},"end":{"line":145,"column":88}},"54":{"start":{"line":149,"column":2},"end":{"line":149,"column":18}},"55":{"start":{"line":150,"column":2},"end":{"line":150,"column":9}},"56":{"start":{"line":153,"column":0},"end":{"line":162,"column":2}},"57":{"start":{"line":154,"column":2},"end":{"line":161,"column":4}},"58":{"start":{"line":156,"column":4},"end":{"line":158,"column":5}},"59":{"start":{"line":157,"column":6},"end":{"line":157,"column":90}},"60":{"start":{"line":160,"column":4},"end":{"line":160,"column":11}},"61":{"start":{"line":164,"column":0},"end":{"line":179,"column":3}},"62":{"start":{"line":166,"column":15},"end":{"line":166,"column":67}},"63":{"start":{"line":169,"column":2},"end":{"line":171,"column":3}},"64":{"start":{"line":170,"column":4},"end":{"line":170,"column":73}},"65":{"start":{"line":174,"column":2},"end":{"line":174,"column":39}},"66":{"start":{"line":175,"column":2},"end":{"line":175,"column":20}},"67":{"start":{"line":178,"column":2},"end":{"line":178,"column":40}},"68":{"start":{"line":181,"column":0},"end":{"line":205,"column":3}},"69":{"start":{"line":183,"column":15},"end":{"line":183,"column":60}},"70":{"start":{"line":185,"column":2},"end":{"line":187,"column":3}},"71":{"start":{"line":186,"column":4},"end":{"line":186,"column":79}},"72":{"start":{"line":190,"column":21},"end":{"line":190,"column":57}},"73":{"start":{"line":193,"column":2},"end":{"line":193,"column":39}},"74":{"start":{"line":194,"column":2},"end":{"line":194,"column":58}},"75":{"start":{"line":195,"column":2},"end":{"line":195,"column":49}},"76":{"start":{"line":199,"column":2},"end":{"line":199,"column":53}},"77":{"start":{"line":201,"column":2},"end":{"line":204,"column":5}},"78":{"start":{"line":207,"column":0},"end":{"line":227,"column":3}},"79":{"start":{"line":209,"column":15},"end":{"line":212,"column":4}},"80":{"start":{"line":215,"column":2},"end":{"line":217,"column":3}},"81":{"start":{"line":216,"column":4},"end":{"line":216,"column":70}},"82":{"start":{"line":220,"column":2},"end":{"line":220,"column":36}},"83":{"start":{"line":221,"column":2},"end":{"line":221,"column":38}},"84":{"start":{"line":222,"column":2},"end":{"line":222,"column":40}},"85":{"start":{"line":223,"column":2},"end":{"line":223,"column":20}},"86":{"start":{"line":226,"column":2},"end":{"line":226,"column":40}}},"fnMap":{"0":{"name":"(anonymous_0)","decl":{"start":{"line":8,"column":18},"end":{"line":8,"column":19}},"loc":{"start":{"line":8,"column":26},"end":{"line":12,"column":1}},"line":8},"1":{"name":"(anonymous_1)","decl":{"start":{"line":15,"column":25},"end":{"line":15,"column":26}},"loc":{"start":{"line":15,"column":33},"end":{"line":19,"column":1}},"line":15},"2":{"name":"(anonymous_2)","decl":{"start":{"line":22,"column":25},"end":{"line":22,"column":26}},"loc":{"start":{"line":22,"column":57},"end":{"line":37,"column":1}},"line":22},"3":{"name":"(anonymous_3)","decl":{"start":{"line":39,"column":28},"end":{"line":39,"column":29}},"loc":{"start":{"line":39,"column":54},"end":{"line":54,"column":1}},"line":39},"4":{"name":"(anonymous_4)","decl":{"start":{"line":56,"column":27},"end":{"line":56,"column":28}},"loc":{"start":{"line":56,"column":53},"end":{"line":84,"column":1}},"line":56},"5":{"name":"(anonymous_5)","decl":{"start":{"line":86,"column":34},"end":{"line":86,"column":35}},"loc":{"start":{"line":86,"column":60},"end":{"line":114,"column":1}},"line":86},"6":{"name":"(anonymous_6)","decl":{"start":{"line":116,"column":17},"end":{"line":116,"column":18}},"loc":{"start":{"line":116,"column":31},"end":{"line":121,"column":1}},"line":116},"7":{"name":"(anonymous_7)","decl":{"start":{"line":123,"column":29},"end":{"line":123,"column":30}},"loc":{"start":{"line":123,"column":55},"end":{"line":151,"column":1}},"line":123},"8":{"name":"(anonymous_8)","decl":{"start":{"line":153,"column":21},"end":{"line":153,"column":22}},"loc":{"start":{"line":153,"column":35},"end":{"line":162,"column":1}},"line":153},"9":{"name":"(anonymous_9)","decl":{"start":{"line":154,"column":9},"end":{"line":154,"column":10}},"loc":{"start":{"line":154,"column":29},"end":{"line":161,"column":3}},"line":154},"10":{"name":"(anonymous_10)","decl":{"start":{"line":164,"column":36},"end":{"line":164,"column":37}},"loc":{"start":{"line":164,"column":62},"end":{"line":179,"column":1}},"line":164},"11":{"name":"(anonymous_11)","decl":{"start":{"line":181,"column":36},"end":{"line":181,"column":37}},"loc":{"start":{"line":181,"column":62},"end":{"line":205,"column":1}},"line":181},"12":{"name":"(anonymous_12)","decl":{"start":{"line":207,"column":35},"end":{"line":207,"column":36}},"loc":{"start":{"line":207,"column":61},"end":{"line":227,"column":1}},"line":207}},"branchMap":{"0":{"loc":{"start":{"line":60,"column":2},"end":{"line":62,"column":3}},"type":"if","locations":[{"start":{"line":60,"column":2},"end":{"line":62,"column":3}},{"start":{},"end":{}}],"line":60},"1":{"loc":{"start":{"line":60,"column":6},"end":{"line":60,"column":25}},"type":"binary-expr","locations":[{"start":{"line":60,"column":6},"end":{"line":60,"column":12}},{"start":{"line":60,"column":16},"end":{"line":60,"column":25}}],"line":60},"2":{"loc":{"start":{"line":68,"column":2},"end":{"line":70,"column":3}},"type":"if","locations":[{"start":{"line":68,"column":2},"end":{"line":70,"column":3}},{"start":{},"end":{}}],"line":68},"3":{"loc":{"start":{"line":68,"column":6},"end":{"line":68,"column":69}},"type":"binary-expr","locations":[{"start":{"line":68,"column":6},"end":{"line":68,"column":11}},{"start":{"line":68,"column":15},"end":{"line":68,"column":69}}],"line":68},"4":{"loc":{"start":{"line":73,"column":2},"end":{"line":75,"column":3}},"type":"if","locations":[{"start":{"line":73,"column":2},"end":{"line":75,"column":3}},{"start":{},"end":{}}],"line":73},"5":{"loc":{"start":{"line":89,"column":2},"end":{"line":91,"column":3}},"type":"if","locations":[{"start":{"line":89,"column":2},"end":{"line":91,"column":3}},{"start":{},"end":{}}],"line":89},"6":{"loc":{"start":{"line":103,"column":2},"end":{"line":105,"column":3}},"type":"if","locations":[{"start":{"line":103,"column":2},"end":{"line":105,"column":3}},{"start":{},"end":{}}],"line":103},"7":{"loc":{"start":{"line":108,"column":2},"end":{"line":110,"column":3}},"type":"if","locations":[{"start":{"line":108,"column":2},"end":{"line":110,"column":3}},{"start":{},"end":{}}],"line":108},"8":{"loc":{"start":{"line":126,"column":2},"end":{"line":131,"column":3}},"type":"if","locations":[{"start":{"line":126,"column":2},"end":{"line":131,"column":3}},{"start":{},"end":{}}],"line":126},"9":{"loc":{"start":{"line":127,"column":4},"end":{"line":128,"column":50}},"type":"binary-expr","locations":[{"start":{"line":127,"column":4},"end":{"line":127,"column":29}},{"start":{"line":128,"column":4},"end":{"line":128,"column":50}}],"line":127},"10":{"loc":{"start":{"line":133,"column":2},"end":{"line":135,"column":3}},"type":"if","locations":[{"start":{"line":133,"column":2},"end":{"line":135,"column":3}},{"start":{},"end":{}}],"line":133},"11":{"loc":{"start":{"line":144,"column":2},"end":{"line":146,"column":3}},"type":"if","locations":[{"start":{"line":144,"column":2},"end":{"line":146,"column":3}},{"start":{},"end":{}}],"line":144},"12":{"loc":{"start":{"line":156,"column":4},"end":{"line":158,"column":5}},"type":"if","locations":[{"start":{"line":156,"column":4},"end":{"line":158,"column":5}},{"start":{},"end":{}}],"line":156},"13":{"loc":{"start":{"line":169,"column":2},"end":{"line":171,"column":3}},"type":"if","locations":[{"start":{"line":169,"column":2},"end":{"line":171,"column":3}},{"start":{},"end":{}}],"line":169},"14":{"loc":{"start":{"line":185,"column":2},"end":{"line":187,"column":3}},"type":"if","locations":[{"start":{"line":185,"column":2},"end":{"line":187,"column":3}},{"start":{},"end":{}}],"line":185},"15":{"loc":{"start":{"line":215,"column":2},"end":{"line":217,"column":3}},"type":"if","locations":[{"start":{"line":215,"column":2},"end":{"line":217,"column":3}},{"start":{},"end":{}}],"line":215}},"s":{"0":2,"1":2,"2":2,"3":2,"4":2,"5":2,"6":2,"7":2,"8":2,"9":2,"10":2,"11":2,"12":2,"13":2,"14":2,"15":3,"16":1,"17":1,"18":1,"19":2,"20":2,"21":2,"22":0,"23":2,"24":2,"25":1,"26":1,"27":0,"28":1,"29":1,"30":1,"31":1,"32":2,"33":0,"34":0,"35":0,"36":0,"37":0,"38":0,"39":0,"40":0,"41":0,"42":0,"43":2,"44":0,"45":2,"46":3,"47":2,"48":3,"49":1,"50":2,"51":2,"52":2,"53":0,"54":2,"55":2,"56":2,"57":1,"58":2,"59":1,"60":1,"61":2,"62":0,"63":0,"64":0,"65":0,"66":0,"67":0,"68":2,"69":0,"70":0,"71":0,"72":0,"73":0,"74":0,"75":0,"76":0,"77":0,"78":2,"79":0,"80":0,"81":0,"82":0,"83":0,"84":0,"85":0,"86":0},"f":{"0":2,"1":2,"2":2,"3":3,"4":2,"5":0,"6":0,"7":3,"8":1,"9":2,"10":0,"11":0,"12":0},"b":{"0":[0,2],"1":[2,2],"2":[1,1],"3":[2,2],"4":[0,1],"5":[0,0],"6":[0,0],"7":[0,0],"8":[2,1],"9":[3,2],"10":[1,2],"11":[0,2],"12":[1,1],"13":[0,0],"14":[0,0],"15":[0,0]},"_coverageSchema":"1a1c01bbd47fc00a2c39e90264f33305004495a9","hash":"963bea8f4bb272b12455ae48cb99972e4f8fc55e"}
,"/Users/tugrulseveroglu/Desktop/Windspire APp/src/controllers/category.controller.js": {"path":"/Users/tugrulseveroglu/Desktop/Windspire APp/src/controllers/category.controller.js","statementMap":{"0":{"start":{"line":1,"column":17},"end":{"line":1,"column":52}},"1":{"start":{"line":2,"column":16},"end":{"line":2,"column":50}},"2":{"start":{"line":3,"column":17},"end":{"line":3,"column":45}},"3":{"start":{"line":4,"column":19},"end":{"line":4,"column":49}},"4":{"start":{"line":7,"column":0},"end":{"line":21,"column":3}},"5":{"start":{"line":8,"column":17},"end":{"line":8,"column":33}},"6":{"start":{"line":10,"column":21},"end":{"line":12,"column":60}},"7":{"start":{"line":14,"column":2},"end":{"line":20,"column":5}},"8":{"start":{"line":24,"column":0},"end":{"line":45,"column":3}},"9":{"start":{"line":25,"column":19},"end":{"line":25,"column":29}},"10":{"start":{"line":28,"column":21},"end":{"line":28,"column":52}},"11":{"start":{"line":31,"column":16},"end":{"line":31,"column":53}},"12":{"start":{"line":33,"column":19},"end":{"line":33,"column":48}},"13":{"start":{"line":35,"column":2},"end":{"line":37,"column":3}},"14":{"start":{"line":36,"column":4},"end":{"line":36,"column":57}},"15":{"start":{"line":39,"column":2},"end":{"line":44,"column":5}},"16":{"start":{"line":48,"column":0},"end":{"line":65,"column":3}},"17":{"start":{"line":49,"column":22},"end":{"line":57,"column":4}},"18":{"start":{"line":59,"column":2},"end":{"line":64,"column":5}},"19":{"start":{"line":68,"column":0},"end":{"line":97,"column":3}},"20":{"start":{"line":69,"column":17},"end":{"line":69,"column":27}},"21":{"start":{"line":71,"column":26},"end":{"line":85,"column":3}},"22":{"start":{"line":87,"column":2},"end":{"line":89,"column":3}},"23":{"start":{"line":88,"column":4},"end":{"line":88,"column":57}},"24":{"start":{"line":91,"column":2},"end":{"line":96,"column":5}},"25":{"start":{"line":100,"column":0},"end":{"line":125,"column":3}},"26":{"start":{"line":101,"column":17},"end":{"line":101,"column":27}},"27":{"start":{"line":104,"column":23},"end":{"line":104,"column":69}},"28":{"start":{"line":106,"column":2},"end":{"line":113,"column":3}},"29":{"start":{"line":107,"column":4},"end":{"line":112,"column":6}},"30":{"start":{"line":115,"column":19},"end":{"line":115,"column":55}},"31":{"start":{"line":117,"column":2},"end":{"line":119,"column":3}},"32":{"start":{"line":118,"column":4},"end":{"line":118,"column":57}},"33":{"start":{"line":121,"column":2},"end":{"line":124,"column":5}},"34":{"start":{"line":128,"column":0},"end":{"line":198,"column":3}},"35":{"start":{"line":129,"column":17},"end":{"line":129,"column":27}},"36":{"start":{"line":131,"column":19},"end":{"line":131,"column":46}},"37":{"start":{"line":133,"column":2},"end":{"line":135,"column":3}},"38":{"start":{"line":134,"column":4},"end":{"line":134,"column":57}},"39":{"start":{"line":138,"column":16},"end":{"line":174,"column":4}},"40":{"start":{"line":177,"column":24},"end":{"line":180,"column":46}},"41":{"start":{"line":182,"column":2},"end":{"line":197,"column":5}}},"fnMap":{"0":{"name":"(anonymous_0)","decl":{"start":{"line":7,"column":38},"end":{"line":7,"column":39}},"loc":{"start":{"line":7,"column":64},"end":{"line":21,"column":1}},"line":7},"1":{"name":"(anonymous_1)","decl":{"start":{"line":24,"column":33},"end":{"line":24,"column":34}},"loc":{"start":{"line":24,"column":59},"end":{"line":45,"column":1}},"line":24},"2":{"name":"(anonymous_2)","decl":{"start":{"line":48,"column":36},"end":{"line":48,"column":37}},"loc":{"start":{"line":48,"column":62},"end":{"line":65,"column":1}},"line":48},"3":{"name":"(anonymous_3)","decl":{"start":{"line":68,"column":36},"end":{"line":68,"column":37}},"loc":{"start":{"line":68,"column":62},"end":{"line":97,"column":1}},"line":68},"4":{"name":"(anonymous_4)","decl":{"start":{"line":100,"column":36},"end":{"line":100,"column":37}},"loc":{"start":{"line":100,"column":62},"end":{"line":125,"column":1}},"line":100},"5":{"name":"(anonymous_5)","decl":{"start":{"line":128,"column":38},"end":{"line":128,"column":39}},"loc":{"start":{"line":128,"column":64},"end":{"line":198,"column":1}},"line":128}},"branchMap":{"0":{"loc":{"start":{"line":31,"column":16},"end":{"line":31,"column":53}},"type":"cond-expr","locations":[{"start":{"line":31,"column":29},"end":{"line":31,"column":42}},{"start":{"line":31,"column":45},"end":{"line":31,"column":53}}],"line":31},"1":{"loc":{"start":{"line":35,"column":2},"end":{"line":37,"column":3}},"type":"if","locations":[{"start":{"line":35,"column":2},"end":{"line":37,"column":3}},{"start":{},"end":{}}],"line":35},"2":{"loc":{"start":{"line":87,"column":2},"end":{"line":89,"column":3}},"type":"if","locations":[{"start":{"line":87,"column":2},"end":{"line":89,"column":3}},{"start":{},"end":{}}],"line":87},"3":{"loc":{"start":{"line":106,"column":2},"end":{"line":113,"column":3}},"type":"if","locations":[{"start":{"line":106,"column":2},"end":{"line":113,"column":3}},{"start":{},"end":{}}],"line":106},"4":{"loc":{"start":{"line":117,"column":2},"end":{"line":119,"column":3}},"type":"if","locations":[{"start":{"line":117,"column":2},"end":{"line":119,"column":3}},{"start":{},"end":{}}],"line":117},"5":{"loc":{"start":{"line":133,"column":2},"end":{"line":135,"column":3}},"type":"if","locations":[{"start":{"line":133,"column":2},"end":{"line":135,"column":3}},{"start":{},"end":{}}],"line":133},"6":{"loc":{"start":{"line":186,"column":13},"end":{"line":194,"column":7}},"type":"binary-expr","locations":[{"start":{"line":186,"column":13},"end":{"line":186,"column":21}},{"start":{"line":186,"column":25},"end":{"line":194,"column":7}}],"line":186}},"s":{"0":1,"1":1,"2":1,"3":1,"4":1,"5":1,"6":1,"7":1,"8":1,"9":1,"10":1,"11":1,"12":1,"13":1,"14":1,"15":0,"16":1,"17":1,"18":0,"19":1,"20":0,"21":0,"22":0,"23":0,"24":0,"25":1,"26":0,"27":0,"28":0,"29":0,"30":0,"31":0,"32":0,"33":0,"34":1,"35":0,"36":0,"37":0,"38":0,"39":0,"40":0,"41":0},"f":{"0":1,"1":1,"2":1,"3":0,"4":0,"5":0},"b":{"0":[1,0],"1":[1,0],"2":[0,0],"3":[0,0],"4":[0,0],"5":[0,0],"6":[0,0]},"_coverageSchema":"1a1c01bbd47fc00a2c39e90264f33305004495a9","hash":"79c50b6d1c6c346f5772305385f40b1eb963d544"}
,"/Users/tugrulseveroglu/Desktop/Windspire APp/src/controllers/content.controller.js": {"path":"/Users/tugrulseveroglu/Desktop/Windspire APp/src/controllers/content.controller.js","statementMap":{"0":{"start":{"line":1,"column":16},"end":{"line":1,"column":50}},"1":{"start":{"line":2,"column":17},"end":{"line":2,"column":52}},"2":{"start":{"line":3,"column":13},"end":{"line":3,"column":44}},"3":{"start":{"line":4,"column":17},"end":{"line":4,"column":45}},"4":{"start":{"line":5,"column":19},"end":{"line":5,"column":49}},"5":{"start":{"line":6,"column":23},"end":{"line":6,"column":61}},"6":{"start":{"line":9,"column":0},"end":{"line":91,"column":3}},"7":{"start":{"line":10,"column":15},"end":{"line":10,"column":23}},"8":{"start":{"line":11,"column":23},"end":{"line":11,"column":32}},"9":{"start":{"line":12,"column":14},"end":{"line":12,"column":37}},"10":{"start":{"line":15,"column":2},"end":{"line":21,"column":3}},"11":{"start":{"line":16,"column":24},"end":{"line":16,"column":80}},"12":{"start":{"line":17,"column":4},"end":{"line":19,"column":5}},"13":{"start":{"line":18,"column":6},"end":{"line":18,"column":59}},"14":{"start":{"line":20,"column":4},"end":{"line":20,"column":37}},"15":{"start":{"line":24,"column":2},"end":{"line":26,"column":3}},"16":{"start":{"line":25,"column":4},"end":{"line":25,"column":26}},"17":{"start":{"line":29,"column":16},"end":{"line":29,"column":26}},"18":{"start":{"line":30,"column":2},"end":{"line":30,"column":29}},"19":{"start":{"line":31,"column":19},"end":{"line":31,"column":34}},"20":{"start":{"line":32,"column":2},"end":{"line":32,"column":43}},"21":{"start":{"line":35,"column":2},"end":{"line":35,"column":53}},"22":{"start":{"line":38,"column":14},"end":{"line":38,"column":15}},"23":{"start":{"line":40,"column":2},"end":{"line":42,"column":64}},"24":{"start":{"line":40,"column":42},"end":{"line":40,"column":53}},"25":{"start":{"line":41,"column":7},"end":{"line":42,"column":64}},"26":{"start":{"line":41,"column":49},"end":{"line":41,"column":60}},"27":{"start":{"line":42,"column":7},"end":{"line":42,"column":64}},"28":{"start":{"line":42,"column":52},"end":{"line":42,"column":64}},"29":{"start":{"line":44,"column":18},"end":{"line":48,"column":17}},"30":{"start":{"line":51,"column":2},"end":{"line":82,"column":3}},"31":{"start":{"line":52,"column":27},"end":{"line":52,"column":49}},"32":{"start":{"line":55,"column":29},"end":{"line":55,"column":84}},"33":{"start":{"line":55,"column":70},"end":{"line":55,"column":83}},"34":{"start":{"line":58,"column":26},"end":{"line":62,"column":5}},"35":{"start":{"line":65,"column":4},"end":{"line":67,"column":5}},"36":{"start":{"line":66,"column":6},"end":{"line":66,"column":46}},"37":{"start":{"line":70,"column":4},"end":{"line":72,"column":5}},"38":{"start":{"line":71,"column":6},"end":{"line":71,"column":36}},"39":{"start":{"line":74,"column":28},"end":{"line":78,"column":28}},"40":{"start":{"line":81,"column":4},"end":{"line":81,"column":37}},"41":{"start":{"line":84,"column":2},"end":{"line":90,"column":5}},"42":{"start":{"line":94,"column":0},"end":{"line":150,"column":3}},"43":{"start":{"line":95,"column":17},"end":{"line":95,"column":27}},"44":{"start":{"line":96,"column":15},"end":{"line":96,"column":23}},"45":{"start":{"line":98,"column":18},"end":{"line":100,"column":33}},"46":{"start":{"line":102,"column":2},"end":{"line":104,"column":3}},"47":{"start":{"line":103,"column":4},"end":{"line":103,"column":56}},"48":{"start":{"line":107,"column":2},"end":{"line":109,"column":3}},"49":{"start":{"line":108,"column":4},"end":{"line":108,"column":76}},"50":{"start":{"line":112,"column":2},"end":{"line":112,"column":27}},"51":{"start":{"line":113,"column":2},"end":{"line":113,"column":52}},"52":{"start":{"line":116,"column":2},"end":{"line":116,"column":37}},"53":{"start":{"line":119,"column":2},"end":{"line":121,"column":3}},"54":{"start":{"line":120,"column":4},"end":{"line":120,"column":53}},"55":{"start":{"line":124,"column":24},"end":{"line":126,"column":3}},"56":{"start":{"line":125,"column":10},"end":{"line":125,"column":68}},"57":{"start":{"line":128,"column":2},"end":{"line":140,"column":3}},"58":{"start":{"line":129,"column":4},"end":{"line":129,"column":69}},"59":{"start":{"line":130,"column":4},"end":{"line":130,"column":76}},"60":{"start":{"line":132,"column":4},"end":{"line":136,"column":7}},"61":{"start":{"line":139,"column":4},"end":{"line":139,"column":39}},"62":{"start":{"line":142,"column":2},"end":{"line":142,"column":49}},"63":{"start":{"line":144,"column":2},"end":{"line":149,"column":5}},"64":{"start":{"line":153,"column":0},"end":{"line":188,"column":3}},"65":{"start":{"line":154,"column":17},"end":{"line":154,"column":27}},"66":{"start":{"line":155,"column":21},"end":{"line":155,"column":29}},"67":{"start":{"line":156,"column":15},"end":{"line":156,"column":23}},"68":{"start":{"line":158,"column":2},"end":{"line":160,"column":3}},"69":{"start":{"line":159,"column":4},"end":{"line":159,"column":69}},"70":{"start":{"line":162,"column":18},"end":{"line":162,"column":44}},"71":{"start":{"line":164,"column":2},"end":{"line":166,"column":3}},"72":{"start":{"line":165,"column":4},"end":{"line":165,"column":56}},"73":{"start":{"line":169,"column":2},"end":{"line":175,"column":3}},"74":{"start":{"line":170,"column":4},"end":{"line":170,"column":29}},"75":{"start":{"line":171,"column":4},"end":{"line":171,"column":31}},"76":{"start":{"line":173,"column":4},"end":{"line":173,"column":32}},"77":{"start":{"line":174,"column":4},"end":{"line":174,"column":34}},"78":{"start":{"line":177,"column":2},"end":{"line":177,"column":52}},"79":{"start":{"line":178,"column":2},"end":{"line":178,"column":49}},"80":{"start":{"line":180,"column":2},"end":{"line":187,"column":5}},"81":{"start":{"line":191,"column":0},"end":{"line":218,"column":3}},"82":{"start":{"line":192,"column":17},"end":{"line":192,"column":27}},"83":{"start":{"line":193,"column":15},"end":{"line":193,"column":23}},"84":{"start":{"line":195,"column":18},"end":{"line":195,"column":44}},"85":{"start":{"line":197,"column":2},"end":{"line":199,"column":3}},"86":{"start":{"line":198,"column":4},"end":{"line":198,"column":56}},"87":{"start":{"line":202,"column":2},"end":{"line":204,"column":3}},"88":{"start":{"line":203,"column":4},"end":{"line":203,"column":60}},"89":{"start":{"line":207,"column":2},"end":{"line":207,"column":47}},"90":{"start":{"line":208,"column":2},"end":{"line":208,"column":49}},"91":{"start":{"line":211,"column":2},"end":{"line":211,"column":27}},"92":{"start":{"line":212,"column":2},"end":{"line":212,"column":52}},"93":{"start":{"line":214,"column":2},"end":{"line":217,"column":5}},"94":{"start":{"line":221,"column":0},"end":{"line":235,"column":3}},"95":{"start":{"line":222,"column":17},"end":{"line":222,"column":27}},"96":{"start":{"line":223,"column":15},"end":{"line":223,"column":23}},"97":{"start":{"line":226,"column":2},"end":{"line":228,"column":4}},"98":{"start":{"line":227,"column":17},"end":{"line":227,"column":44}},"99":{"start":{"line":229,"column":2},"end":{"line":229,"column":49}},"100":{"start":{"line":231,"column":2},"end":{"line":234,"column":5}},"101":{"start":{"line":238,"column":0},"end":{"line":255,"column":3}},"102":{"start":{"line":239,"column":15},"end":{"line":239,"column":23}},"103":{"start":{"line":241,"column":23},"end":{"line":246,"column":23}},"104":{"start":{"line":248,"column":2},"end":{"line":254,"column":5}},"105":{"start":{"line":258,"column":0},"end":{"line":278,"column":3}},"106":{"start":{"line":259,"column":17},"end":{"line":259,"column":27}},"107":{"start":{"line":261,"column":18},"end":{"line":261,"column":44}},"108":{"start":{"line":263,"column":2},"end":{"line":265,"column":3}},"109":{"start":{"line":264,"column":4},"end":{"line":264,"column":56}},"110":{"start":{"line":268,"column":2},"end":{"line":268,"column":28}},"111":{"start":{"line":269,"column":2},"end":{"line":269,"column":52}},"112":{"start":{"line":271,"column":2},"end":{"line":277,"column":5}},"113":{"start":{"line":281,"column":0},"end":{"line":315,"column":3}},"114":{"start":{"line":282,"column":44},"end":{"line":282,"column":52}},"115":{"start":{"line":284,"column":19},"end":{"line":284,"column":54}},"116":{"start":{"line":285,"column":2},"end":{"line":287,"column":3}},"117":{"start":{"line":286,"column":4},"end":{"line":286,"column":57}},"118":{"start":{"line":290,"column":27},"end":{"line":294,"column":3}},"119":{"start":{"line":297,"column":18},"end":{"line":307,"column":4}},"120":{"start":{"line":309,"column":2},"end":{"line":314,"column":5}}},"fnMap":{"0":{"name":"(anonymous_0)","decl":{"start":{"line":9,"column":37},"end":{"line":9,"column":38}},"loc":{"start":{"line":9,"column":63},"end":{"line":91,"column":1}},"line":9},"1":{"name":"(anonymous_1)","decl":{"start":{"line":55,"column":64},"end":{"line":55,"column":65}},"loc":{"start":{"line":55,"column":70},"end":{"line":55,"column":83}},"line":55},"2":{"name":"(anonymous_2)","decl":{"start":{"line":94,"column":32},"end":{"line":94,"column":33}},"loc":{"start":{"line":94,"column":58},"end":{"line":150,"column":1}},"line":94},"3":{"name":"(anonymous_3)","decl":{"start":{"line":125,"column":4},"end":{"line":125,"column":5}},"loc":{"start":{"line":125,"column":10},"end":{"line":125,"column":68}},"line":125},"4":{"name":"(anonymous_4)","decl":{"start":{"line":153,"column":33},"end":{"line":153,"column":34}},"loc":{"start":{"line":153,"column":59},"end":{"line":188,"column":1}},"line":153},"5":{"name":"(anonymous_5)","decl":{"start":{"line":191,"column":33},"end":{"line":191,"column":34}},"loc":{"start":{"line":191,"column":59},"end":{"line":218,"column":1}},"line":191},"6":{"name":"(anonymous_6)","decl":{"start":{"line":221,"column":35},"end":{"line":221,"column":36}},"loc":{"start":{"line":221,"column":61},"end":{"line":235,"column":1}},"line":221},"7":{"name":"(anonymous_7)","decl":{"start":{"line":227,"column":4},"end":{"line":227,"column":5}},"loc":{"start":{"line":227,"column":17},"end":{"line":227,"column":44}},"line":227},"8":{"name":"(anonymous_8)","decl":{"start":{"line":238,"column":37},"end":{"line":238,"column":38}},"loc":{"start":{"line":238,"column":63},"end":{"line":255,"column":1}},"line":238},"9":{"name":"(anonymous_9)","decl":{"start":{"line":258,"column":34},"end":{"line":258,"column":35}},"loc":{"start":{"line":258,"column":60},"end":{"line":278,"column":1}},"line":258},"10":{"name":"(anonymous_10)","decl":{"start":{"line":281,"column":37},"end":{"line":281,"column":38}},"loc":{"start":{"line":281,"column":63},"end":{"line":315,"column":1}},"line":281}},"branchMap":{"0":{"loc":{"start":{"line":15,"column":2},"end":{"line":21,"column":3}},"type":"if","locations":[{"start":{"line":15,"column":2},"end":{"line":21,"column":3}},{"start":{},"end":{}}],"line":15},"1":{"loc":{"start":{"line":17,"column":4},"end":{"line":19,"column":5}},"type":"if","locations":[{"start":{"line":17,"column":4},"end":{"line":19,"column":5}},{"start":{},"end":{}}],"line":17},"2":{"loc":{"start":{"line":24,"column":2},"end":{"line":26,"column":3}},"type":"if","locations":[{"start":{"line":24,"column":2},"end":{"line":26,"column":3}},{"start":{},"end":{}}],"line":24},"3":{"loc":{"start":{"line":40,"column":2},"end":{"line":42,"column":64}},"type":"if","locations":[{"start":{"line":40,"column":2},"end":{"line":42,"column":64}},{"start":{"line":41,"column":7},"end":{"line":42,"column":64}}],"line":40},"4":{"loc":{"start":{"line":41,"column":7},"end":{"line":42,"column":64}},"type":"if","locations":[{"start":{"line":41,"column":7},"end":{"line":42,"column":64}},{"start":{"line":42,"column":7},"end":{"line":42,"column":64}}],"line":41},"5":{"loc":{"start":{"line":42,"column":7},"end":{"line":42,"column":64}},"type":"if","locations":[{"start":{"line":42,"column":7},"end":{"line":42,"column":64}},{"start":{},"end":{}}],"line":42},"6":{"loc":{"start":{"line":51,"column":2},"end":{"line":82,"column":3}},"type":"if","locations":[{"start":{"line":51,"column":2},"end":{"line":82,"column":3}},{"start":{},"end":{}}],"line":51},"7":{"loc":{"start":{"line":65,"column":4},"end":{"line":67,"column":5}},"type":"if","locations":[{"start":{"line":65,"column":4},"end":{"line":67,"column":5}},{"start":{},"end":{}}],"line":65},"8":{"loc":{"start":{"line":70,"column":4},"end":{"line":72,"column":5}},"type":"if","locations":[{"start":{"line":70,"column":4},"end":{"line":72,"column":5}},{"start":{},"end":{}}],"line":70},"9":{"loc":{"start":{"line":102,"column":2},"end":{"line":104,"column":3}},"type":"if","locations":[{"start":{"line":102,"column":2},"end":{"line":104,"column":3}},{"start":{},"end":{}}],"line":102},"10":{"loc":{"start":{"line":107,"column":2},"end":{"line":109,"column":3}},"type":"if","locations":[{"start":{"line":107,"column":2},"end":{"line":109,"column":3}},{"start":{},"end":{}}],"line":107},"11":{"loc":{"start":{"line":107,"column":6},"end":{"line":107,"column":58}},"type":"binary-expr","locations":[{"start":{"line":107,"column":6},"end":{"line":107,"column":21}},{"start":{"line":107,"column":25},"end":{"line":107,"column":58}}],"line":107},"12":{"loc":{"start":{"line":119,"column":2},"end":{"line":121,"column":3}},"type":"if","locations":[{"start":{"line":119,"column":2},"end":{"line":121,"column":3}},{"start":{},"end":{}}],"line":119},"13":{"loc":{"start":{"line":128,"column":2},"end":{"line":140,"column":3}},"type":"if","locations":[{"start":{"line":128,"column":2},"end":{"line":140,"column":3}},{"start":{"line":131,"column":9},"end":{"line":140,"column":3}}],"line":128},"14":{"loc":{"start":{"line":158,"column":2},"end":{"line":160,"column":3}},"type":"if","locations":[{"start":{"line":158,"column":2},"end":{"line":160,"column":3}},{"start":{},"end":{}}],"line":158},"15":{"loc":{"start":{"line":158,"column":6},"end":{"line":158,"column":47}},"type":"binary-expr","locations":[{"start":{"line":158,"column":6},"end":{"line":158,"column":23}},{"start":{"line":158,"column":27},"end":{"line":158,"column":47}}],"line":158},"16":{"loc":{"start":{"line":164,"column":2},"end":{"line":166,"column":3}},"type":"if","locations":[{"start":{"line":164,"column":2},"end":{"line":166,"column":3}},{"start":{},"end":{}}],"line":164},"17":{"loc":{"start":{"line":169,"column":2},"end":{"line":175,"column":3}},"type":"if","locations":[{"start":{"line":169,"column":2},"end":{"line":175,"column":3}},{"start":{"line":172,"column":9},"end":{"line":175,"column":3}}],"line":169},"18":{"loc":{"start":{"line":197,"column":2},"end":{"line":199,"column":3}},"type":"if","locations":[{"start":{"line":197,"column":2},"end":{"line":199,"column":3}},{"start":{},"end":{}}],"line":197},"19":{"loc":{"start":{"line":202,"column":2},"end":{"line":204,"column":3}},"type":"if","locations":[{"start":{"line":202,"column":2},"end":{"line":204,"column":3}},{"start":{},"end":{}}],"line":202},"20":{"loc":{"start":{"line":263,"column":2},"end":{"line":265,"column":3}},"type":"if","locations":[{"start":{"line":263,"column":2},"end":{"line":265,"column":3}},{"start":{},"end":{}}],"line":263},"21":{"loc":{"start":{"line":285,"column":2},"end":{"line":287,"column":3}},"type":"if","locations":[{"start":{"line":285,"column":2},"end":{"line":287,"column":3}},{"start":{},"end":{}}],"line":285},"22":{"loc":{"start":{"line":293,"column":4},"end":{"line":293,"column":28}},"type":"binary-expr","locations":[{"start":{"line":293,"column":4},"end":{"line":293,"column":14}},{"start":{"line":293,"column":18},"end":{"line":293,"column":28}}],"line":293},"23":{"loc":{"start":{"line":306,"column":16},"end":{"line":306,"column":40}},"type":"binary-expr","locations":[{"start":{"line":306,"column":16},"end":{"line":306,"column":26}},{"start":{"line":306,"column":30},"end":{"line":306,"column":40}}],"line":306}},"s":{"0":0,"1":0,"2":0,"3":0,"4":0,"5":0,"6":0,"7":0,"8":0,"9":0,"10":0,"11":0,"12":0,"13":0,"14":0,"15":0,"16":0,"17":0,"18":0,"19":0,"20":0,"21":0,"22":0,"23":0,"24":0,"25":0,"26":0,"27":0,"28":0,"29":0,"30":0,"31":0,"32":0,"33":0,"34":0,"35":0,"36":0,"37":0,"38":0,"39":0,"40":0,"41":0,"42":0,"43":0,"44":0,"45":0,"46":0,"47":0,"48":0,"49":0,"50":0,"51":0,"52":0,"53":0,"54":0,"55":0,"56":0,"57":0,"58":0,"59":0,"60":0,"61":0,"62":0,"63":0,"64":0,"65":0,"66":0,"67":0,"68":0,"69":0,"70":0,"71":0,"72":0,"73":0,"74":0,"75":0,"76":0,"77":0,"78":0,"79":0,"80":0,"81":0,"82":0,"83":0,"84":0,"85":0,"86":0,"87":0,"88":0,"89":0,"90":0,"91":0,"92":0,"93":0,"94":0,"95":0,"96":0,"97":0,"98":0,"99":0,"100":0,"101":0,"102":0,"103":0,"104":0,"105":0,"106":0,"107":0,"108":0,"109":0,"110":0,"111":0,"112":0,"113":0,"114":0,"115":0,"116":0,"117":0,"118":0,"119":0,"120":0},"f":{"0":0,"1":0,"2":0,"3":0,"4":0,"5":0,"6":0,"7":0,"8":0,"9":0,"10":0},"b":{"0":[0,0],"1":[0,0],"2":[0,0],"3":[0,0],"4":[0,0],"5":[0,0],"6":[0,0],"7":[0,0],"8":[0,0],"9":[0,0],"10":[0,0],"11":[0,0],"12":[0,0],"13":[0,0],"14":[0,0],"15":[0,0],"16":[0,0],"17":[0,0],"18":[0,0],"19":[0,0],"20":[0,0],"21":[0,0],"22":[0,0],"23":[0,0]}}
,"/Users/tugrulseveroglu/Desktop/Windspire APp/src/controllers/subscription.controller.js": {"path":"/Users/tugrulseveroglu/Desktop/Windspire APp/src/controllers/subscription.controller.js","statementMap":{"0":{"start":{"line":1,"column":15},"end":{"line":1,"column":63}},"1":{"start":{"line":2,"column":13},"end":{"line":2,"column":44}},"2":{"start":{"line":3,"column":54},"end":{"line":3,"column":93}},"3":{"start":{"line":4,"column":17},"end":{"line":4,"column":45}},"4":{"start":{"line":5,"column":19},"end":{"line":5,"column":49}},"5":{"start":{"line":8,"column":0},"end":{"line":18,"column":3}},"6":{"start":{"line":9,"column":16},"end":{"line":9,"column":74}},"7":{"start":{"line":11,"column":2},"end":{"line":17,"column":5}},"8":{"start":{"line":21,"column":0},"end":{"line":36,"column":3}},"9":{"start":{"line":22,"column":17},"end":{"line":22,"column":27}},"10":{"start":{"line":24,"column":15},"end":{"line":24,"column":50}},"11":{"start":{"line":26,"column":2},"end":{"line":28,"column":3}},"12":{"start":{"line":27,"column":4},"end":{"line":27,"column":78}},"13":{"start":{"line":30,"column":2},"end":{"line":35,"column":5}},"14":{"start":{"line":39,"column":0},"end":{"line":137,"column":3}},"15":{"start":{"line":40,"column":56},"end":{"line":40,"column":64}},"16":{"start":{"line":42,"column":2},"end":{"line":49,"column":3}},"17":{"start":{"line":43,"column":4},"end":{"line":48,"column":6}},"18":{"start":{"line":52,"column":15},"end":{"line":52,"column":54}},"19":{"start":{"line":54,"column":2},"end":{"line":56,"column":3}},"20":{"start":{"line":55,"column":4},"end":{"line":55,"column":78}},"21":{"start":{"line":59,"column":2},"end":{"line":61,"column":3}},"22":{"start":{"line":60,"column":4},"end":{"line":60,"column":58}},"23":{"start":{"line":63,"column":16},"end":{"line":63,"column":39}},"24":{"start":{"line":66,"column":13},"end":{"line":66,"column":45}},"25":{"start":{"line":67,"column":19},"end":{"line":67,"column":53}},"26":{"start":{"line":69,"column":2},"end":{"line":84,"column":3}},"27":{"start":{"line":71,"column":21},"end":{"line":77,"column":6}},"28":{"start":{"line":79,"column":4},"end":{"line":79,"column":29}},"29":{"start":{"line":82,"column":4},"end":{"line":82,"column":52}},"30":{"start":{"line":83,"column":4},"end":{"line":83,"column":51}},"31":{"start":{"line":87,"column":18},"end":{"line":128,"column":4}},"32":{"start":{"line":130,"column":2},"end":{"line":136,"column":5}},"33":{"start":{"line":140,"column":0},"end":{"line":171,"column":3}},"34":{"start":{"line":141,"column":20},"end":{"line":141,"column":51}},"35":{"start":{"line":144,"column":2},"end":{"line":152,"column":3}},"36":{"start":{"line":145,"column":4},"end":{"line":149,"column":6}},"37":{"start":{"line":151,"column":4},"end":{"line":151,"column":65}},"38":{"start":{"line":155,"column":2},"end":{"line":167,"column":3}},"39":{"start":{"line":157,"column":4},"end":{"line":157,"column":60}},"40":{"start":{"line":158,"column":9},"end":{"line":167,"column":3}},"41":{"start":{"line":160,"column":4},"end":{"line":160,"column":55}},"42":{"start":{"line":161,"column":9},"end":{"line":167,"column":3}},"43":{"start":{"line":163,"column":4},"end":{"line":163,"column":55}},"44":{"start":{"line":164,"column":9},"end":{"line":167,"column":3}},"45":{"start":{"line":166,"column":4},"end":{"line":166,"column":49}},"46":{"start":{"line":170,"column":2},"end":{"line":170,"column":43}},"47":{"start":{"line":174,"column":0},"end":{"line":193,"column":3}},"48":{"start":{"line":175,"column":15},"end":{"line":175,"column":70}},"49":{"start":{"line":178,"column":20},"end":{"line":178,"column":24}},"50":{"start":{"line":179,"column":2},"end":{"line":184,"column":3}},"51":{"start":{"line":183,"column":4},"end":{"line":183,"column":83}},"52":{"start":{"line":186,"column":2},"end":{"line":192,"column":5}},"53":{"start":{"line":196,"column":0},"end":{"line":230,"column":3}},"54":{"start":{"line":197,"column":15},"end":{"line":197,"column":47}},"55":{"start":{"line":198,"column":21},"end":{"line":198,"column":29}},"56":{"start":{"line":201,"column":2},"end":{"line":207,"column":3}},"57":{"start":{"line":206,"column":4},"end":{"line":206,"column":67}},"58":{"start":{"line":209,"column":2},"end":{"line":229,"column":3}},"59":{"start":{"line":211,"column":4},"end":{"line":216,"column":7}},"60":{"start":{"line":219,"column":4},"end":{"line":219,"column":43}},"61":{"start":{"line":220,"column":4},"end":{"line":220,"column":83}},"62":{"start":{"line":221,"column":4},"end":{"line":221,"column":51}},"63":{"start":{"line":223,"column":4},"end":{"line":226,"column":7}},"64":{"start":{"line":228,"column":4},"end":{"line":228,"column":68}},"65":{"start":{"line":233,"column":0},"end":{"line":262,"column":3}},"66":{"start":{"line":234,"column":35},"end":{"line":234,"column":44}},"67":{"start":{"line":237,"column":15},"end":{"line":237,"column":33}},"68":{"start":{"line":240,"column":23},"end":{"line":244,"column":36}},"69":{"start":{"line":247,"column":16},"end":{"line":247,"column":85}},"70":{"start":{"line":249,"column":2},"end":{"line":261,"column":5}},"71":{"start":{"line":267,"column":39},"end":{"line":320,"column":1}},"72":{"start":{"line":268,"column":39},"end":{"line":268,"column":55}},"73":{"start":{"line":270,"column":2},"end":{"line":270,"column":33}},"74":{"start":{"line":270,"column":26},"end":{"line":270,"column":33}},"75":{"start":{"line":272,"column":2},"end":{"line":319,"column":3}},"76":{"start":{"line":274,"column":17},"end":{"line":274,"column":44}},"77":{"start":{"line":275,"column":17},"end":{"line":275,"column":56}},"78":{"start":{"line":277,"column":4},"end":{"line":277,"column":31}},"79":{"start":{"line":277,"column":24},"end":{"line":277,"column":31}},"80":{"start":{"line":280,"column":25},"end":{"line":280,"column":82}},"81":{"start":{"line":283,"column":4},"end":{"line":283,"column":39}},"82":{"start":{"line":284,"column":4},"end":{"line":284,"column":40}},"83":{"start":{"line":285,"column":4},"end":{"line":285,"column":45}},"84":{"start":{"line":286,"column":4},"end":{"line":286,"column":61}},"85":{"start":{"line":289,"column":20},"end":{"line":289,"column":30}},"86":{"start":{"line":290,"column":4},"end":{"line":296,"column":5}},"87":{"start":{"line":291,"column":6},"end":{"line":291,"column":47}},"88":{"start":{"line":292,"column":11},"end":{"line":296,"column":5}},"89":{"start":{"line":293,"column":6},"end":{"line":293,"column":47}},"90":{"start":{"line":294,"column":11},"end":{"line":296,"column":5}},"91":{"start":{"line":295,"column":6},"end":{"line":295,"column":53}},"92":{"start":{"line":297,"column":4},"end":{"line":297,"column":40}},"93":{"start":{"line":299,"column":4},"end":{"line":299,"column":51}},"94":{"start":{"line":302,"column":4},"end":{"line":316,"column":7}},"95":{"start":{"line":318,"column":4},"end":{"line":318,"column":71}},"96":{"start":{"line":323,"column":34},"end":{"line":358,"column":1}},"97":{"start":{"line":324,"column":21},"end":{"line":324,"column":42}},"98":{"start":{"line":326,"column":2},"end":{"line":326,"column":22}},"99":{"start":{"line":326,"column":15},"end":{"line":326,"column":22}},"100":{"start":{"line":328,"column":2},"end":{"line":357,"column":3}},"101":{"start":{"line":330,"column":17},"end":{"line":330,"column":44}},"102":{"start":{"line":332,"column":4},"end":{"line":332,"column":22}},"103":{"start":{"line":332,"column":15},"end":{"line":332,"column":22}},"104":{"start":{"line":335,"column":4},"end":{"line":352,"column":5}},"105":{"start":{"line":336,"column":6},"end":{"line":336,"column":42}},"106":{"start":{"line":337,"column":11},"end":{"line":352,"column":5}},"107":{"start":{"line":338,"column":6},"end":{"line":338,"column":44}},"108":{"start":{"line":339,"column":11},"end":{"line":352,"column":5}},"109":{"start":{"line":341,"column":6},"end":{"line":341,"column":38}},"110":{"start":{"line":342,"column":6},"end":{"line":342,"column":43}},"111":{"start":{"line":343,"column":11},"end":{"line":352,"column":5}},"112":{"start":{"line":344,"column":6},"end":{"line":351,"column":7}},"113":{"start":{"line":346,"column":8},"end":{"line":346,"column":47}},"114":{"start":{"line":349,"column":8},"end":{"line":349,"column":40}},"115":{"start":{"line":350,"column":8},"end":{"line":350,"column":45}},"116":{"start":{"line":354,"column":4},"end":{"line":354,"column":51}},"117":{"start":{"line":356,"column":4},"end":{"line":356,"column":65}},"118":{"start":{"line":361,"column":34},"end":{"line":381,"column":1}},"119":{"start":{"line":362,"column":21},"end":{"line":362,"column":42}},"120":{"start":{"line":364,"column":2},"end":{"line":364,"column":22}},"121":{"start":{"line":364,"column":15},"end":{"line":364,"column":22}},"122":{"start":{"line":366,"column":2},"end":{"line":380,"column":3}},"123":{"start":{"line":368,"column":17},"end":{"line":368,"column":44}},"124":{"start":{"line":370,"column":4},"end":{"line":370,"column":22}},"125":{"start":{"line":370,"column":15},"end":{"line":370,"column":22}},"126":{"start":{"line":373,"column":4},"end":{"line":373,"column":36}},"127":{"start":{"line":374,"column":4},"end":{"line":374,"column":41}},"128":{"start":{"line":375,"column":4},"end":{"line":375,"column":50}},"129":{"start":{"line":377,"column":4},"end":{"line":377,"column":51}},"130":{"start":{"line":379,"column":4},"end":{"line":379,"column":65}},"131":{"start":{"line":384,"column":28},"end":{"line":404,"column":1}},"132":{"start":{"line":385,"column":2},"end":{"line":403,"column":3}},"133":{"start":{"line":387,"column":25},"end":{"line":387,"column":82}},"134":{"start":{"line":388,"column":23},"end":{"line":388,"column":44}},"135":{"start":{"line":390,"column":4},"end":{"line":390,"column":24}},"136":{"start":{"line":390,"column":17},"end":{"line":390,"column":24}},"137":{"start":{"line":393,"column":17},"end":{"line":393,"column":44}},"138":{"start":{"line":395,"column":4},"end":{"line":395,"column":22}},"139":{"start":{"line":395,"column":15},"end":{"line":395,"column":22}},"140":{"start":{"line":398,"column":4},"end":{"line":398,"column":42}},"141":{"start":{"line":400,"column":4},"end":{"line":400,"column":51}},"142":{"start":{"line":402,"column":4},"end":{"line":402,"column":59}}},"fnMap":{"0":{"name":"(anonymous_0)","decl":{"start":{"line":8,"column":42},"end":{"line":8,"column":43}},"loc":{"start":{"line":8,"column":68},"end":{"line":18,"column":1}},"line":8},"1":{"name":"(anonymous_1)","decl":{"start":{"line":21,"column":41},"end":{"line":21,"column":42}},"loc":{"start":{"line":21,"column":67},"end":{"line":36,"column":1}},"line":21},"2":{"name":"(anonymous_2)","decl":{"start":{"line":39,"column":43},"end":{"line":39,"column":44}},"loc":{"start":{"line":39,"column":69},"end":{"line":137,"column":1}},"line":39},"3":{"name":"(anonymous_3)","decl":{"start":{"line":140,"column":41},"end":{"line":140,"column":42}},"loc":{"start":{"line":140,"column":67},"end":{"line":171,"column":1}},"line":140},"4":{"name":"(anonymous_4)","decl":{"start":{"line":174,"column":44},"end":{"line":174,"column":45}},"loc":{"start":{"line":174,"column":70},"end":{"line":193,"column":1}},"line":174},"5":{"name":"(anonymous_5)","decl":{"start":{"line":196,"column":40},"end":{"line":196,"column":41}},"loc":{"start":{"line":196,"column":66},"end":{"line":230,"column":1}},"line":196},"6":{"name":"(anonymous_6)","decl":{"start":{"line":233,"column":43},"end":{"line":233,"column":44}},"loc":{"start":{"line":233,"column":69},"end":{"line":262,"column":1}},"line":233},"7":{"name":"(anonymous_7)","decl":{"start":{"line":267,"column":39},"end":{"line":267,"column":40}},"loc":{"start":{"line":267,"column":58},"end":{"line":320,"column":1}},"line":267},"8":{"name":"(anonymous_8)","decl":{"start":{"line":323,"column":34},"end":{"line":323,"column":35}},"loc":{"start":{"line":323,"column":58},"end":{"line":358,"column":1}},"line":323},"9":{"name":"(anonymous_9)","decl":{"start":{"line":361,"column":34},"end":{"line":361,"column":35}},"loc":{"start":{"line":361,"column":58},"end":{"line":381,"column":1}},"line":361},"10":{"name":"(anonymous_10)","decl":{"start":{"line":384,"column":28},"end":{"line":384,"column":29}},"loc":{"start":{"line":384,"column":47},"end":{"line":404,"column":1}},"line":384}},"branchMap":{"0":{"loc":{"start":{"line":26,"column":2},"end":{"line":28,"column":3}},"type":"if","locations":[{"start":{"line":26,"column":2},"end":{"line":28,"column":3}},{"start":{},"end":{}}],"line":26},"1":{"loc":{"start":{"line":26,"column":6},"end":{"line":26,"column":27}},"type":"binary-expr","locations":[{"start":{"line":26,"column":6},"end":{"line":26,"column":11}},{"start":{"line":26,"column":15},"end":{"line":26,"column":27}}],"line":26},"2":{"loc":{"start":{"line":42,"column":2},"end":{"line":49,"column":3}},"type":"if","locations":[{"start":{"line":42,"column":2},"end":{"line":49,"column":3}},{"start":{},"end":{}}],"line":42},"3":{"loc":{"start":{"line":42,"column":6},"end":{"line":42,"column":70}},"type":"binary-expr","locations":[{"start":{"line":42,"column":6},"end":{"line":42,"column":13}},{"start":{"line":42,"column":17},"end":{"line":42,"column":41}},{"start":{"line":42,"column":45},"end":{"line":42,"column":56}},{"start":{"line":42,"column":60},"end":{"line":42,"column":70}}],"line":42},"4":{"loc":{"start":{"line":54,"column":2},"end":{"line":56,"column":3}},"type":"if","locations":[{"start":{"line":54,"column":2},"end":{"line":56,"column":3}},{"start":{},"end":{}}],"line":54},"5":{"loc":{"start":{"line":54,"column":6},"end":{"line":54,"column":27}},"type":"binary-expr","locations":[{"start":{"line":54,"column":6},"end":{"line":54,"column":11}},{"start":{"line":54,"column":15},"end":{"line":54,"column":27}}],"line":54},"6":{"loc":{"start":{"line":59,"column":2},"end":{"line":61,"column":3}},"type":"if","locations":[{"start":{"line":59,"column":2},"end":{"line":61,"column":3}},{"start":{},"end":{}}],"line":59},"7":{"loc":{"start":{"line":59,"column":6},"end":{"line":59,"column":56}},"type":"binary-expr","locations":[{"start":{"line":59,"column":6},"end":{"line":59,"column":20}},{"start":{"line":59,"column":24},"end":{"line":59,"column":56}}],"line":59},"8":{"loc":{"start":{"line":69,"column":2},"end":{"line":84,"column":3}},"type":"if","locations":[{"start":{"line":69,"column":2},"end":{"line":84,"column":3}},{"start":{},"end":{}}],"line":69},"9":{"loc":{"start":{"line":93,"column":20},"end":{"line":93,"column":43}},"type":"binary-expr","locations":[{"start":{"line":93,"column":20},"end":{"line":93,"column":34}},{"start":{"line":93,"column":38},"end":{"line":93,"column":43}}],"line":93},"10":{"loc":{"start":{"line":100,"column":22},"end":{"line":104,"column":24}},"type":"cond-expr","locations":[{"start":{"line":101,"column":16},"end":{"line":101,"column":23}},{"start":{"line":102,"column":16},"end":{"line":104,"column":24}}],"line":100},"11":{"loc":{"start":{"line":102,"column":16},"end":{"line":104,"column":24}},"type":"cond-expr","locations":[{"start":{"line":103,"column":18},"end":{"line":103,"column":27}},{"start":{"line":104,"column":18},"end":{"line":104,"column":24}}],"line":102},"12":{"loc":{"start":{"line":126,"column":25},"end":{"line":126,"column":45}},"type":"binary-expr","locations":[{"start":{"line":126,"column":25},"end":{"line":126,"column":40}},{"start":{"line":126,"column":44},"end":{"line":126,"column":45}}],"line":126},"13":{"loc":{"start":{"line":155,"column":2},"end":{"line":167,"column":3}},"type":"if","locations":[{"start":{"line":155,"column":2},"end":{"line":167,"column":3}},{"start":{"line":158,"column":9},"end":{"line":167,"column":3}}],"line":155},"14":{"loc":{"start":{"line":158,"column":9},"end":{"line":167,"column":3}},"type":"if","locations":[{"start":{"line":158,"column":9},"end":{"line":167,"column":3}},{"start":{"line":161,"column":9},"end":{"line":167,"column":3}}],"line":158},"15":{"loc":{"start":{"line":161,"column":9},"end":{"line":167,"column":3}},"type":"if","locations":[{"start":{"line":161,"column":9},"end":{"line":167,"column":3}},{"start":{"line":164,"column":9},"end":{"line":167,"column":3}}],"line":161},"16":{"loc":{"start":{"line":164,"column":9},"end":{"line":167,"column":3}},"type":"if","locations":[{"start":{"line":164,"column":9},"end":{"line":167,"column":3}},{"start":{},"end":{}}],"line":164},"17":{"loc":{"start":{"line":179,"column":2},"end":{"line":184,"column":3}},"type":"if","locations":[{"start":{"line":179,"column":2},"end":{"line":184,"column":3}},{"start":{},"end":{}}],"line":179},"18":{"loc":{"start":{"line":180,"column":4},"end":{"line":181,"column":41}},"type":"binary-expr","locations":[{"start":{"line":180,"column":4},"end":{"line":180,"column":37}},{"start":{"line":181,"column":4},"end":{"line":181,"column":41}}],"line":180},"19":{"loc":{"start":{"line":201,"column":2},"end":{"line":207,"column":3}},"type":"if","locations":[{"start":{"line":201,"column":2},"end":{"line":207,"column":3}},{"start":{},"end":{}}],"line":201},"20":{"loc":{"start":{"line":202,"column":4},"end":{"line":204,"column":43}},"type":"binary-expr","locations":[{"start":{"line":202,"column":4},"end":{"line":202,"column":37}},{"start":{"line":203,"column":4},"end":{"line":203,"column":41}},{"start":{"line":204,"column":4},"end":{"line":204,"column":43}}],"line":202},"21":{"loc":{"start":{"line":214,"column":28},"end":{"line":214,"column":67}},"type":"binary-expr","locations":[{"start":{"line":214,"column":28},"end":{"line":214,"column":34}},{"start":{"line":214,"column":38},"end":{"line":214,"column":67}}],"line":214},"22":{"loc":{"start":{"line":220,"column":43},"end":{"line":220,"column":82}},"type":"binary-expr","locations":[{"start":{"line":220,"column":43},"end":{"line":220,"column":49}},{"start":{"line":220,"column":53},"end":{"line":220,"column":82}}],"line":220},"23":{"loc":{"start":{"line":234,"column":10},"end":{"line":234,"column":18}},"type":"default-arg","locations":[{"start":{"line":234,"column":17},"end":{"line":234,"column":18}}],"line":234},"24":{"loc":{"start":{"line":234,"column":20},"end":{"line":234,"column":30}},"type":"default-arg","locations":[{"start":{"line":234,"column":28},"end":{"line":234,"column":30}}],"line":234},"25":{"loc":{"start":{"line":270,"column":2},"end":{"line":270,"column":33}},"type":"if","locations":[{"start":{"line":270,"column":2},"end":{"line":270,"column":33}},{"start":{},"end":{}}],"line":270},"26":{"loc":{"start":{"line":270,"column":6},"end":{"line":270,"column":24}},"type":"binary-expr","locations":[{"start":{"line":270,"column":6},"end":{"line":270,"column":13}},{"start":{"line":270,"column":17},"end":{"line":270,"column":24}}],"line":270},"27":{"loc":{"start":{"line":277,"column":4},"end":{"line":277,"column":31}},"type":"if","locations":[{"start":{"line":277,"column":4},"end":{"line":277,"column":31}},{"start":{},"end":{}}],"line":277},"28":{"loc":{"start":{"line":277,"column":8},"end":{"line":277,"column":22}},"type":"binary-expr","locations":[{"start":{"line":277,"column":8},"end":{"line":277,"column":13}},{"start":{"line":277,"column":17},"end":{"line":277,"column":22}}],"line":277},"29":{"loc":{"start":{"line":290,"column":4},"end":{"line":296,"column":5}},"type":"if","locations":[{"start":{"line":290,"column":4},"end":{"line":296,"column":5}},{"start":{"line":292,"column":11},"end":{"line":296,"column":5}}],"line":290},"30":{"loc":{"start":{"line":292,"column":11},"end":{"line":296,"column":5}},"type":"if","locations":[{"start":{"line":292,"column":11},"end":{"line":296,"column":5}},{"start":{"line":294,"column":11},"end":{"line":296,"column":5}}],"line":292},"31":{"loc":{"start":{"line":294,"column":11},"end":{"line":296,"column":5}},"type":"if","locations":[{"start":{"line":294,"column":11},"end":{"line":296,"column":5}},{"start":{},"end":{}}],"line":294},"32":{"loc":{"start":{"line":326,"column":2},"end":{"line":326,"column":22}},"type":"if","locations":[{"start":{"line":326,"column":2},"end":{"line":326,"column":22}},{"start":{},"end":{}}],"line":326},"33":{"loc":{"start":{"line":332,"column":4},"end":{"line":332,"column":22}},"type":"if","locations":[{"start":{"line":332,"column":4},"end":{"line":332,"column":22}},{"start":{},"end":{}}],"line":332},"34":{"loc":{"start":{"line":335,"column":4},"end":{"line":352,"column":5}},"type":"if","locations":[{"start":{"line":335,"column":4},"end":{"line":352,"column":5}},{"start":{"line":337,"column":11},"end":{"line":352,"column":5}}],"line":335},"35":{"loc":{"start":{"line":337,"column":11},"end":{"line":352,"column":5}},"type":"if","locations":[{"start":{"line":337,"column":11},"end":{"line":352,"column":5}},{"start":{"line":339,"column":11},"end":{"line":352,"column":5}}],"line":337},"36":{"loc":{"start":{"line":339,"column":11},"end":{"line":352,"column":5}},"type":"if","locations":[{"start":{"line":339,"column":11},"end":{"line":352,"column":5}},{"start":{"line":343,"column":11},"end":{"line":352,"column":5}}],"line":339},"37":{"loc":{"start":{"line":343,"column":11},"end":{"line":352,"column":5}},"type":"if","locations":[{"start":{"line":343,"column":11},"end":{"line":352,"column":5}},{"start":{},"end":{}}],"line":343},"38":{"loc":{"start":{"line":344,"column":6},"end":{"line":351,"column":7}},"type":"if","locations":[{"start":{"line":344,"column":6},"end":{"line":351,"column":7}},{"start":{"line":347,"column":13},"end":{"line":351,"column":7}}],"line":344},"39":{"loc":{"start":{"line":364,"column":2},"end":{"line":364,"column":22}},"type":"if","locations":[{"start":{"line":364,"column":2},"end":{"line":364,"column":22}},{"start":{},"end":{}}],"line":364},"40":{"loc":{"start":{"line":370,"column":4},"end":{"line":370,"column":22}},"type":"if","locations":[{"start":{"line":370,"column":4},"end":{"line":370,"column":22}},{"start":{},"end":{}}],"line":370},"41":{"loc":{"start":{"line":390,"column":4},"end":{"line":390,"column":24}},"type":"if","locations":[{"start":{"line":390,"column":4},"end":{"line":390,"column":24}},{"start":{},"end":{}}],"line":390},"42":{"loc":{"start":{"line":395,"column":4},"end":{"line":395,"column":22}},"type":"if","locations":[{"start":{"line":395,"column":4},"end":{"line":395,"column":22}},{"start":{},"end":{}}],"line":395}},"s":{"0":0,"1":0,"2":0,"3":0,"4":0,"5":0,"6":0,"7":0,"8":0,"9":0,"10":0,"11":0,"12":0,"13":0,"14":0,"15":0,"16":0,"17":0,"18":0,"19":0,"20":0,"21":0,"22":0,"23":0,"24":0,"25":0,"26":0,"27":0,"28":0,"29":0,"30":0,"31":0,"32":0,"33":0,"34":0,"35":0,"36":0,"37":0,"38":0,"39":0,"40":0,"41":0,"42":0,"43":0,"44":0,"45":0,"46":0,"47":0,"48":0,"49":0,"50":0,"51":0,"52":0,"53":0,"54":0,"55":0,"56":0,"57":0,"58":0,"59":0,"60":0,"61":0,"62":0,"63":0,"64":0,"65":0,"66":0,"67":0,"68":0,"69":0,"70":0,"71":0,"72":0,"73":0,"74":0,"75":0,"76":0,"77":0,"78":0,"79":0,"80":0,"81":0,"82":0,"83":0,"84":0,"85":0,"86":0,"87":0,"88":0,"89":0,"90":0,"91":0,"92":0,"93":0,"94":0,"95":0,"96":0,"97":0,"98":0,"99":0,"100":0,"101":0,"102":0,"103":0,"104":0,"105":0,"106":0,"107":0,"108":0,"109":0,"110":0,"111":0,"112":0,"113":0,"114":0,"115":0,"116":0,"117":0,"118":0,"119":0,"120":0,"121":0,"122":0,"123":0,"124":0,"125":0,"126":0,"127":0,"128":0,"129":0,"130":0,"131":0,"132":0,"133":0,"134":0,"135":0,"136":0,"137":0,"138":0,"139":0,"140":0,"141":0,"142":0},"f":{"0":0,"1":0,"2":0,"3":0,"4":0,"5":0,"6":0,"7":0,"8":0,"9":0,"10":0},"b":{"0":[0,0],"1":[0,0],"2":[0,0],"3":[0,0,0,0],"4":[0,0],"5":[0,0],"6":[0,0],"7":[0,0],"8":[0,0],"9":[0,0],"10":[0,0],"11":[0,0],"12":[0,0],"13":[0,0],"14":[0,0],"15":[0,0],"16":[0,0],"17":[0,0],"18":[0,0],"19":[0,0],"20":[0,0,0],"21":[0,0],"22":[0,0],"23":[0],"24":[0],"25":[0,0],"26":[0,0],"27":[0,0],"28":[0,0],"29":[0,0],"30":[0,0],"31":[0,0],"32":[0,0],"33":[0,0],"34":[0,0],"35":[0,0],"36":[0,0],"37":[0,0],"38":[0,0],"39":[0,0],"40":[0,0],"41":[0,0],"42":[0,0]}}
[...]
tart":{"line":132,"column":21},"end":{"line":132,"column":58}},"35":{"start":{"line":134,"column":18},"end":{"line":137,"column":3}},"36":{"start":{"line":139,"column":2},"end":{"line":174,"column":3}},"37":{"start":{"line":140,"column":4},"end":{"line":140,"column":42}},"38":{"start":{"line":143,"column":4},"end":{"line":173,"column":5}},"39":{"start":{"line":143,"column":17},"end":{"line":143,"column":18}},"40":{"start":{"line":144,"column":6},"end":{"line":172,"column":7}},"41":{"start":{"line":146,"column":27},"end":{"line":147,"column":77}},"42":{"start":{"line":149,"column":33},"end":{"line":153,"column":9}},"43":{"start":{"line":156,"column":8},"end":{"line":166,"column":11}},"44":{"start":{"line":168,"column":8},"end":{"line":168,"column":24}},"45":{"start":{"line":169,"column":8},"end":{"line":169,"column":44}},"46":{"start":{"line":171,"column":8},"end":{"line":171,"column":79}},"47":{"start":{"line":176,"column":2},"end":{"line":176,"column":17}}},"fnMap":{"0":{"name":"(anonymous_0)","decl":{"start":{"line":17,"column":25},"end":{"line":17,"column":26}},"loc":{"start":{"line":17,"column":64},"end":{"line":73,"column":1}},"line":17},"1":{"name":"(anonymous_1)","decl":{"start":{"line":80,"column":32},"end":{"line":80,"column":33}},"loc":{"start":{"line":80,"column":54},"end":{"line":82,"column":1}},"line":80},"2":{"name":"(anonymous_2)","decl":{"start":{"line":89,"column":25},"end":{"line":89,"column":26}},"loc":{"start":{"line":89,"column":47},"end":{"line":102,"column":1}},"line":89},"3":{"name":"(anonymous_3)","decl":{"start":{"line":110,"column":26},"end":{"line":110,"column":27}},"loc":{"start":{"line":110,"column":60},"end":{"line":123,"column":1}},"line":110},"4":{"name":"(anonymous_4)","decl":{"start":{"line":130,"column":31},"end":{"line":130,"column":32}},"loc":{"start":{"line":130,"column":59},"end":{"line":177,"column":1}},"line":130}},"branchMap":{"0":{"loc":{"start":{"line":18,"column":2},"end":{"line":20,"column":3}},"type":"if","locations":[{"start":{"line":18,"column":2},"end":{"line":20,"column":3}},{"start":{},"end":{}}],"line":18},"1":{"loc":{"start":{"line":30,"column":21},"end":{"line":32,"column":71}},"type":"cond-expr","locations":[{"start":{"line":31,"column":6},"end":{"line":31,"column":78}},{"start":{"line":32,"column":6},"end":{"line":32,"column":71}}],"line":30},"2":{"loc":{"start":{"line":59,"column":4},"end":{"line":61,"column":5}},"type":"if","locations":[{"start":{"line":59,"column":4},"end":{"line":61,"column":5}},{"start":{},"end":{}}],"line":59},"3":{"loc":{"start":{"line":59,"column":8},"end":{"line":59,"column":59}},"type":"binary-expr","locations":[{"start":{"line":59,"column":8},"end":{"line":59,"column":22}},{"start":{"line":59,"column":26},"end":{"line":59,"column":39}},{"start":{"line":59,"column":43},"end":{"line":59,"column":59}}],"line":59},"4":{"loc":{"start":{"line":67,"column":12},"end":{"line":67,"column":30}},"type":"binary-expr","locations":[{"start":{"line":67,"column":12},"end":{"line":67,"column":24}},{"start":{"line":67,"column":28},"end":{"line":67,"column":30}}],"line":67},"5":{"loc":{"start":{"line":80,"column":39},"end":{"line":80,"column":49}},"type":"default-arg","locations":[{"start":{"line":80,"column":47},"end":{"line":80,"column":49}}],"line":80},"6":{"loc":{"start":{"line":113,"column":2},"end":{"line":115,"column":3}},"type":"if","locations":[{"start":{"line":113,"column":2},"end":{"line":115,"column":3}},{"start":{},"end":{}}],"line":113},"7":{"loc":{"start":{"line":130,"column":38},"end":{"line":130,"column":54}},"type":"default-arg","locations":[{"start":{"line":130,"column":52},"end":{"line":130,"column":54}}],"line":130},"8":{"loc":{"start":{"line":146,"column":27},"end":{"line":147,"column":77}},"type":"cond-expr","locations":[{"start":{"line":146,"column":51},"end":{"line":146,"column":61}},{"start":{"line":147,"column":26},"end":{"line":147,"column":77}}],"line":146},"9":{"loc":{"start":{"line":147,"column":26},"end":{"line":147,"column":77}},"type":"cond-expr","locations":[{"start":{"line":147,"column":50},"end":{"line":147,"column":64}},{"start":{"line":147,"column":67},"end":{"line":147,"column":77}}],"line":147}},"s":{"0":0,"1":0,"2":0,"3":0,"4":0,"5":0,"6":0,"7":0,"8":0,"9":0,"10":0,"11":0,"12":0,"13":0,"14":0,"15":0,"16":0,"17":0,"18":0,"19":0,"20":0,"21":0,"22":0,"23":0,"24":0,"25":0,"26":0,"27":0,"28":0,"29":0,"30":0,"31":0,"32":0,"33":0,"34":0,"35":0,"36":0,"37":0,"38":0,"39":0,"40":0,"41":0,"42":0,"43":0,"44":0,"45":0,"46":0,"47":0},"f":{"0":0,"1":0,"2":0,"3":0,"4":0},"b":{"0":[0,0],"1":[0,0],"2":[0,0],"3":[0,0,0],"4":[0,0],"5":[0],"6":[0,0],"7":[0],"8":[0,0],"9":[0,0]}}
,"/Users/tugrulseveroglu/Desktop/Windspire APp/src/services/scheduler.service.js": {"path":"/Users/tugrulseveroglu/Desktop/Windspire APp/src/services/scheduler.service.js","statementMap":{"0":{"start":{"line":1,"column":13},"end":{"line":1,"column":33}},"1":{"start":{"line":2,"column":23},"end":{"line":2,"column":51}},"2":{"start":{"line":3,"column":16},"end":{"line":3,"column":50}},"3":{"start":{"line":4,"column":17},"end":{"line":4,"column":52}},"4":{"start":{"line":5,"column":13},"end":{"line":5,"column":44}},"5":{"start":{"line":6,"column":17},"end":{"line":6,"column":36}},"6":{"start":{"line":9,"column":22},"end":{"line":55,"column":1}},"7":{"start":{"line":11,"column":2},"end":{"line":19,"column":5}},"8":{"start":{"line":12,"column":4},"end":{"line":12,"column":56}},"9":{"start":{"line":13,"column":4},"end":{"line":18,"column":5}},"10":{"start":{"line":14,"column":22},"end":{"line":14,"column":50}},"11":{"start":{"line":15,"column":6},"end":{"line":15,"column":66}},"12":{"start":{"line":17,"column":6},"end":{"line":17,"column":69}},"13":{"start":{"line":22,"column":2},"end":{"line":30,"column":5}},"14":{"start":{"line":23,"column":4},"end":{"line":23,"column":49}},"15":{"start":{"line":24,"column":4},"end":{"line":29,"column":5}},"16":{"start":{"line":25,"column":28},"end":{"line":25,"column":57}},"17":{"start":{"line":26,"column":6},"end":{"line":26,"column":82}},"18":{"start":{"line":28,"column":6},"end":{"line":28,"column":62}},"19":{"start":{"line":33,"column":2},"end":{"line":41,"column":5}},"20":{"start":{"line":34,"column":4},"end":{"line":34,"column":49}},"21":{"start":{"line":35,"column":4},"end":{"line":40,"column":5}},"22":{"start":{"line":36,"column":27},"end":{"line":36,"column":51}},"23":{"start":{"line":37,"column":6},"end":{"line":37,"column":80}},"24":{"start":{"line":39,"column":6},"end":{"line":39,"column":62}},"25":{"start":{"line":44,"column":2},"end":{"line":52,"column":5}},"26":{"start":{"line":45,"column":4},"end":{"line":45,"column":57}},"27":{"start":{"line":46,"column":4},"end":{"line":51,"column":5}},"28":{"start":{"line":47,"column":27},"end":{"line":47,"column":60}},"29":{"start":{"line":48,"column":6},"end":{"line":48,"column":96}},"30":{"start":{"line":50,"column":6},"end":{"line":50,"column":70}},"31":{"start":{"line":54,"column":2},"end":{"line":54,"column":47}},"32":{"start":{"line":58,"column":29},"end":{"line":71,"column":1}},"33":{"start":{"line":60,"column":16},"end":{"line":60,"column":53}},"34":{"start":{"line":62,"column":2},"end":{"line":64,"column":3}},"35":{"start":{"line":63,"column":4},"end":{"line":63,"column":72}},"36":{"start":{"line":67,"column":2},"end":{"line":67,"column":40}},"37":{"start":{"line":70,"column":2},"end":{"line":70,"column":55}},"38":{"start":{"line":74,"column":30},"end":{"line":94,"column":1}},"39":{"start":{"line":75,"column":2},"end":{"line":93,"column":3}},"40":{"start":{"line":77,"column":30},"end":{"line":77,"column":76}},"41":{"start":{"line":79,"column":4},"end":{"line":81,"column":5}},"42":{"start":{"line":80,"column":6},"end":{"line":80,"column":15}},"43":{"start":{"line":84,"column":23},"end":{"line":84,"column":68}},"44":{"start":{"line":84,"column":56},"end":{"line":84,"column":67}},"45":{"start":{"line":87,"column":26},"end":{"line":87,"column":73}},"46":{"start":{"line":89,"column":4},"end":{"line":89,"column":25}},"47":{"start":{"line":91,"column":4},"end":{"line":91,"column":53}},"48":{"start":{"line":92,"column":4},"end":{"line":92,"column":16}},"49":{"start":{"line":97,"column":25},"end":{"line":123,"column":1}},"50":{"start":{"line":98,"column":2},"end":{"line":122,"column":3}},"51":{"start":{"line":99,"column":23},"end":{"line":99,"column":33}},"52":{"start":{"line":100,"column":4},"end":{"line":100,"column":49}},"53":{"start":{"line":103,"column":26},"end":{"line":106,"column":6}},"54":{"start":{"line":109,"column":4},"end":{"line":116,"column":5}},"55":{"start":{"line":110,"column":21},"end":{"line":113,"column":7}},"56":{"start":{"line":111,"column":48},"end":{"line":111,"column":56}},"57":{"start":{"line":115,"column":6},"end":{"line":115,"column":34}},"58":{"start":{"line":118,"column":4},"end":{"line":118,"column":13}},"59":{"start":{"line":120,"column":4},"end":{"line":120,"column":57}},"60":{"start":{"line":121,"column":4},"end":{"line":121,"column":16}},"61":{"start":{"line":126,"column":34},"end":{"line":157,"column":1}},"62":{"start":{"line":127,"column":2},"end":{"line":156,"column":3}},"63":{"start":{"line":128,"column":16},"end":{"line":128,"column":26}},"64":{"start":{"line":131,"column":26},"end":{"line":135,"column":6}},"65":{"start":{"line":138,"column":4},"end":{"line":150,"column":5}},"66":{"start":{"line":139,"column":21},"end":{"line":147,"column":7}},"67":{"start":{"line":140,"column":48},"end":{"line":140,"column":56}},"68":{"start":{"line":149,"column":6},"end":{"line":149,"column":34}},"69":{"start":{"line":152,"column":4},"end":{"line":152,"column":13}},"70":{"start":{"line":154,"column":4},"end":{"line":154,"column":66}},"71":{"start":{"line":155,"column":4},"end":{"line":155,"column":16}},"72":{"start":{"line":159,"column":0},"end":{"line":165,"column":2}}},"fnMap":{"0":{"name":"(anonymous_0)","decl":{"start":{"line":9,"column":22},"end":{"line":9,"column":23}},"loc":{"start":{"line":9,"column":28},"end":{"line":55,"column":1}},"line":9},"1":{"name":"(anonymous_1)","decl":{"start":{"line":11,"column":29},"end":{"line":11,"column":30}},"loc":{"start":{"line":11,"column":41},"end":{"line":19,"column":3}},"line":11},"2":{"name":"(anonymous_2)","decl":{"start":{"line":22,"column":29},"end":{"line":22,"column":30}},"loc":{"start":{"line":22,"column":41},"end":{"line":30,"column":3}},"line":22},"3":{"name":"(anonymous_3)","decl":{"start":{"line":33,"column":29},"end":{"line":33,"column":30}},"loc":{"start":{"line":33,"column":41},"end":{"line":41,"column":3}},"line":33},"4":{"name":"(anonymous_4)","decl":{"start":{"line":44,"column":29},"end":{"line":44,"column":30}},"loc":{"start":{"line":44,"column":41},"end":{"line":52,"column":3}},"line":44},"5":{"name":"(anonymous_5)","decl":{"start":{"line":58,"column":29},"end":{"line":58,"column":30}},"loc":{"start":{"line":58,"column":41},"end":{"line":71,"column":1}},"line":58},"6":{"name":"(anonymous_6)","decl":{"start":{"line":74,"column":30},"end":{"line":74,"column":31}},"loc":{"start":{"line":74,"column":42},"end":{"line":94,"column":1}},"line":74},"7":{"name":"(anonymous_7)","decl":{"start":{"line":84,"column":45},"end":{"line":84,"column":46}},"loc":{"start":{"line":84,"column":56},"end":{"line":84,"column":67}},"line":84},"8":{"name":"(anonymous_8)","decl":{"start":{"line":97,"column":25},"end":{"line":97,"column":26}},"loc":{"start":{"line":97,"column":37},"end":{"line":123,"column":1}},"line":97},"9":{"name":"(anonymous_9)","decl":{"start":{"line":111,"column":40},"end":{"line":111,"column":41}},"loc":{"start":{"line":111,"column":48},"end":{"line":111,"column":56}},"line":111},"10":{"name":"(anonymous_10)","decl":{"start":{"line":126,"column":34},"end":{"line":126,"column":35}},"loc":{"start":{"line":126,"column":46},"end":{"line":157,"column":1}},"line":126},"11":{"name":"(anonymous_11)","decl":{"start":{"line":140,"column":40},"end":{"line":140,"column":41}},"loc":{"start":{"line":140,"column":48},"end":{"line":140,"column":56}},"line":140}},"branchMap":{"0":{"loc":{"start":{"line":62,"column":2},"end":{"line":64,"column":3}},"type":"if","locations":[{"start":{"line":62,"column":2},"end":{"line":64,"column":3}},{"start":{},"end":{}}],"line":62},"1":{"loc":{"start":{"line":79,"column":4},"end":{"line":81,"column":5}},"type":"if","locations":[{"start":{"line":79,"column":4},"end":{"line":81,"column":5}},{"start":{},"end":{}}],"line":79},"2":{"loc":{"start":{"line":109,"column":4},"end":{"line":116,"column":5}},"type":"if","locations":[{"start":{"line":109,"column":4},"end":{"line":116,"column":5}},{"start":{},"end":{}}],"line":109},"3":{"loc":{"start":{"line":138,"column":4},"end":{"line":150,"column":5}},"type":"if","locations":[{"start":{"line":138,"column":4},"end":{"line":150,"column":5}},{"start":{},"end":{}}],"line":138}},"s":{"0":0,"1":0,"2":0,"3":0,"4":0,"5":0,"6":0,"7":0,"8":0,"9":0,"10":0,"11":0,"12":0,"13":0,"14":0,"15":0,"16":0,"17":0,"18":0,"19":0,"20":0,"21":0,"22":0,"23":0,"24":0,"25":0,"26":0,"27":0,"28":0,"29":0,"30":0,"31":0,"32":0,"33":0,"34":0,"35":0,"36":0,"37":0,"38":0,"39":0,"40":0,"41":0,"42":0,"43":0,"44":0,"45":0,"46":0,"47":0,"48":0,"49":0,"50":0,"51":0,"52":0,"53":0,"54":0,"55":0,"56":0,"57":0,"58":0,"59":0,"60":0,"61":0,"62":0,"63":0,"64":0,"65":0,"66":0,"67":0,"68":0,"69":0,"70":0,"71":0,"72":0},"f":{"0":0,"1":0,"2":0,"3":0,"4":0,"5":0,"6":0,"7":0,"8":0,"9":0,"10":0,"11":0},"b":{"0":[0,0],"1":[0,0],"2":[0,0],"3":[0,0]}}
,"/Users/tugrulseveroglu/Desktop/Windspire APp/src/utils/appError.js": {"path":"/Users/tugrulseveroglu/Desktop/Windspire APp/src/utils/appError.js","statementMap":{"0":{"start":{"line":3,"column":4},"end":{"line":3,"column":19}},"1":{"start":{"line":5,"column":4},"end":{"line":5,"column":33}},"2":{"start":{"line":6,"column":4},"end":{"line":6,"column":69}},"3":{"start":{"line":7,"column":4},"end":{"line":7,"column":30}},"4":{"start":{"line":9,"column":4},"end":{"line":9,"column":52}},"5":{"start":{"line":13,"column":0},"end":{"line":13,"column":26}}},"fnMap":{"0":{"name":"(anonymous_0)","decl":{"start":{"line":2,"column":2},"end":{"line":2,"column":3}},"loc":{"start":{"line":2,"column":35},"end":{"line":10,"column":3}},"line":2}},"branchMap":{"0":{"loc":{"start":{"line":6,"column":18},"end":{"line":6,"column":68}},"type":"cond-expr","locations":[{"start":{"line":6,"column":52},"end":{"line":6,"column":58}},{"start":{"line":6,"column":61},"end":{"line":6,"column":68}}],"line":6}},"s":{"0":6,"1":6,"2":6,"3":6,"4":6,"5":3},"f":{"0":6},"b":{"0":[6,0]},"_coverageSchema":"1a1c01bbd47fc00a2c39e90264f33305004495a9","hash":"5e8067dd8f5ff288056dc5362cfe32468faf88ac"}
,"/Users/tugrulseveroglu/Desktop/Windspire APp/src/utils/catchAsync.js": {"path":"/Users/tugrulseveroglu/Desktop/Windspire APp/src/utils/catchAsync.js","statementMap":{"0":{"start":{"line":6,"column":0},"end":{"line":10,"column":2}},"1":{"start":{"line":7,"column":2},"end":{"line":9,"column":4}},"2":{"start":{"line":8,"column":4},"end":{"line":8,"column":35}}},"fnMap":{"0":{"name":"(anonymous_0)","decl":{"start":{"line":6,"column":17},"end":{"line":6,"column":18}},"loc":{"start":{"line":6,"column":25},"end":{"line":10,"column":1}},"line":6},"1":{"name":"(anonymous_1)","decl":{"start":{"line":7,"column":9},"end":{"line":7,"column":10}},"loc":{"start":{"line":7,"column":29},"end":{"line":9,"column":3}},"line":7}},"branchMap":{},"s":{"0":2,"1":20,"2":11},"f":{"0":20,"1":11},"b":{},"_coverageSchema":"1a1c01bbd47fc00a2c39e90264f33305004495a9","hash":"6364a88d06ad9f0719e02b55a7d55ccdada4abff"}
,"/Users/tugrulseveroglu/Desktop/Windspire APp/src/utils/dbSeeder.js": {"path":"/Users/tugrulseveroglu/Desktop/Windspire APp/src/utils/dbSeeder.js","statementMap":{"0":{"start":{"line":1,"column":17},"end":{"line":1,"column":36}},"1":{"start":{"line":2,"column":15},"end":{"line":2,"column":34}},"2":{"start":{"line":3,"column":13},"end":{"line":3,"column":44}},"3":{"start":{"line":4,"column":17},"end":{"line":4,"column":52}},"4":{"start":{"line":5,"column":29},"end":{"line":5,"column":68}},"5":{"start":{"line":6,"column":15},"end":{"line":6,"column":32}},"6":{"start":{"line":9,"column":0},"end":{"line":9,"column":16}},"7":{"start":{"line":12,"column":0},"end":{"line":18,"column":5}},"8":{"start":{"line":14,"column":14},"end":{"line":14,"column":61}},"9":{"start":{"line":16,"column":4},"end":{"line":16,"column":52}},"10":{"start":{"line":17,"column":4},"end":{"line":17,"column":20}},"11":{"start":{"line":21,"column":19},"end":{"line":182,"column":1}},"12":{"start":{"line":185,"column":26},"end":{"line":285,"column":1}},"13":{"start":{"line":288,"column":21},"end":{"line":348,"column":1}},"14":{"start":{"line":289,"column":2},"end":{"line":347,"column":3}},"15":{"start":{"line":291,"column":4},"end":{"line":291,"column":54}},"16":{"start":{"line":292,"column":4},"end":{"line":292,"column":34}},"17":{"start":{"line":293,"column":4},"end":{"line":293,"column":42}},"18":{"start":{"line":296,"column":24},"end":{"line":296,"column":78}},"19":{"start":{"line":298,"column":4},"end":{"line":313,"column":5}},"20":{"start":{"line":299,"column":29},"end":{"line":299,"column":78}},"21":{"start":{"line":301,"column":24},"end":{"line":308,"column":8}},"22":{"start":{"line":310,"column":6},"end":{"line":310,"column":60}},"23":{"start":{"line":312,"column":6},"end":{"line":312,"column":47}},"24":{"start":{"line":316,"column":18},"end":{"line":316,"column":55}},"25":{"start":{"line":318,"column":4},"end":{"line":320,"column":5}},"26":{"start":{"line":319,"column":6},"end":{"line":319,"column":75}},"27":{"start":{"line":322,"column":30},"end":{"line":329,"column":5}},"28":{"start":{"line":324,"column":8},"end":{"line":327,"column":11}},"29":{"start":{"line":331,"column":4},"end":{"line":331,"column":66}},"30":{"start":{"line":334,"column":25},"end":{"line":338,"column":5}},"31":{"start":{"line":336,"column":8},"end":{"line":336,"column":51}},"32":{"start":{"line":340,"column":4},"end":{"line":340,"column":69}},"33":{"start":{"line":342,"column":4},"end":{"line":342,"column":59}},"34":{"start":{"line":343,"column":4},"end":{"line":343,"column":20}},"35":{"start":{"line":345,"column":4},"end":{"line":345,"column":52}},"36":{"start":{"line":346,"column":4},"end":{"line":346,"column":20}},"37":{"start":{"line":351,"column":0},"end":{"line":351,"column":15}}},"fnMap":{"0":{"name":"(anonymous_0)","decl":{"start":{"line":14,"column":8},"end":{"line":14,"column":9}},"loc":{"start":{"line":14,"column":14},"end":{"line":14,"column":61}},"line":14},"1":{"name":"(anonymous_1)","decl":{"start":{"line":15,"column":9},"end":{"line":15,"column":10}},"loc":{"start":{"line":15,"column":18},"end":{"line":18,"column":3}},"line":15},"2":{"name":"(anonymous_2)","decl":{"start":{"line":288,"column":21},"end":{"line":288,"column":22}},"loc":{"start":{"line":288,"column":33},"end":{"line":348,"column":1}},"line":288},"3":{"name":"(anonymous_3)","decl":{"start":{"line":323,"column":21},"end":{"line":323,"column":22}},"loc":{"start":{"line":323,"column":41},"end":{"line":328,"column":7}},"line":323},"4":{"name":"(anonymous_4)","decl":{"start":{"line":335,"column":28},"end":{"line":335,"column":29}},"loc":{"start":{"line":335,"column":44},"end":{"line":337,"column":7}},"line":335}},"branchMap":{"0":{"loc":{"start":{"line":298,"column":4},"end":{"line":313,"column":5}},"type":"if","locations":[{"start":{"line":298,"column":4},"end":{"line":313,"column":5}},{"start":{"line":311,"column":11},"end":{"line":313,"column":5}}],"line":298},"1":{"loc":{"start":{"line":318,"column":4},"end":{"line":320,"column":5}},"type":"if","locations":[{"start":{"line":318,"column":4},"end":{"line":320,"column":5}},{"start":{},"end":{}}],"line":318}},"s":{"0":0,"1":0,"2":0,"3":0,"4":0,"5":0,"6":0,"7":0,"8":0,"9":0,"10":0,"11":0,"12":0,"13":0,"14":0,"15":0,"16":0,"17":0,"18":0,"19":0,"20":0,"21":0,"22":0,"23":0,"24":0,"25":0,"26":0,"27":0,"28":0,"29":0,"30":0,"31":0,"32":0,"33":0,"34":0,"35":0,"36":0,"37":0},"f":{"0":0,"1":0,"2":0,"3":0,"4":0},"b":{"0":[0,0],"1":[0,0]}}
}
